<?xml version="1.0" encoding="UTF-8"?>
<testsuite xmlns:xsi="http://www.w3.org/2001/XMLSchema-instance" xsi:noNamespaceSchemaLocation="https://maven.apache.org/surefire/maven-surefire-plugin/xsd/surefire-test-report-3.0.xsd" version="3.0" name="com.example.secureblog.controller.AuthControllerTest" time="8.962" tests="2" errors="0" skipped="0" failures="0">
  <properties>
[...]
</properties>
  <testcase name="whenRegisterWithValidData_thenReturns200" classname="com.example.secureblog.controller.AuthControllerTest" time="0.957">
    <system-out><![CDATA[00:37:23.165 [main] INFO org.springframework.test.context.support.AnnotationConfigContextLoaderUtils -- Could not detect default configuration classes for test class [com.example.secureblog.controller.AuthControllerTest]: AuthControllerTest does not declare any static, non-private, non-final, nested classes annotated with @Configuration.
00:37:23.360 [main] INFO org.springframework.boot.test.context.SpringBootTestContextBootstrapper -- Found @SpringBootConfiguration com.example.secureblog.SecureBlogApplication for test class com.example.secureblog.controller.AuthControllerTest
00:37:22,975 |-INFO in ch.qos.logback.classic.LoggerContext[default] - This is logback-classic version 1.4.14
00:37:22,978 |-INFO in ch.qos.logback.classic.util.ContextInitializer@6eafb10e - Here is a list of configurators discovered as a service, by rank: 
00:37:22,978 |-INFO in ch.qos.logback.classic.util.ContextInitializer@6eafb10e -   org.springframework.boot.logging.logback.RootLogLevelConfigurator
00:37:22,978 |-INFO in ch.qos.logback.classic.util.ContextInitializer@6eafb10e - They will be invoked in order until ExecutionStatus.DO_NOT_INVOKE_NEXT_IF_ANY is returned.
00:37:22,978 |-INFO in ch.qos.logback.classic.util.ContextInitializer@6eafb10e - Constructed configurator of type class org.springframework.boot.logging.logback.RootLogLevelConfigurator
00:37:22,988 |-INFO in ch.qos.logback.classic.util.ContextInitializer@6eafb10e - org.springframework.boot.logging.logback.RootLogLevelConfigurator.configure() call lasted 0 milliseconds. ExecutionStatus=INVOKE_NEXT_IF_ANY
00:37:22,988 |-INFO in ch.qos.logback.classic.util.ContextInitializer@6eafb10e - Trying to configure with ch.qos.logback.classic.joran.SerializedModelConfigurator
00:37:22,989 |-INFO in ch.qos.logback.classic.util.ContextInitializer@6eafb10e - Constructed configurator of type class ch.qos.logback.classic.joran.SerializedModelConfigurator
00:37:22,996 |-INFO in ch.qos.logback.classic.LoggerContext[default] - Could NOT find resource [logback-test.scmo]
00:37:22,996 |-INFO in ch.qos.logback.classic.LoggerContext[default] - Could NOT find resource [logback.scmo]
00:37:22,996 |-INFO in ch.qos.logback.classic.util.ContextInitializer@6eafb10e - ch.qos.logback.classic.joran.SerializedModelConfigurator.configure() call lasted 7 milliseconds. ExecutionStatus=INVOKE_NEXT_IF_ANY
00:37:22,996 |-INFO in ch.qos.logback.classic.util.ContextInitializer@6eafb10e - Trying to configure with ch.qos.logback.classic.util.DefaultJoranConfigurator
00:37:22,998 |-INFO in ch.qos.logback.classic.util.ContextInitializer@6eafb10e - Constructed configurator of type class ch.qos.logback.classic.util.DefaultJoranConfigurator
00:37:23,000 |-INFO in ch.qos.logback.classic.LoggerContext[default] - Could NOT find resource [logback-test.xml]
00:37:23,000 |-INFO in ch.qos.logback.classic.LoggerContext[default] - Could NOT find resource [logback.xml]
00:37:23,000 |-INFO in ch.qos.logback.classic.util.ContextInitializer@6eafb10e - ch.qos.logback.classic.util.DefaultJoranConfigurator.configure() call lasted 2 milliseconds. ExecutionStatus=INVOKE_NEXT_IF_ANY
00:37:23,000 |-INFO in ch.qos.logback.classic.util.ContextInitializer@6eafb10e - Trying to configure with ch.qos.logback.classic.BasicConfigurator
00:37:23,002 |-INFO in ch.qos.logback.classic.util.ContextInitializer@6eafb10e - Constructed configurator of type class ch.qos.logback.classic.BasicConfigurator
00:37:23,002 |-INFO in ch.qos.logback.classic.BasicConfigurator@26a94fa5 - Setting up default configuration.
00:37:23,019 |-INFO in ch.qos.logback.classic.util.ContextInitializer@6eafb10e - ch.qos.logback.classic.BasicConfigurator.configure() call lasted 17 milliseconds. ExecutionStatus=NEUTRAL
00:37:23,904 |-INFO in ch.qos.logback.core.model.processor.AppenderModelHandler - Processing appender named [Console]
00:37:23,904 |-INFO in ch.qos.logback.core.model.processor.AppenderModelHandler - About to instantiate appender of type [ch.qos.logback.core.ConsoleAppender]
00:37:23,933 |-WARN in ch.qos.logback.core.ConsoleAppender[Console] - This appender no longer admits a layout as a sub-component, set an encoder instead.
00:37:23,933 |-WARN in ch.qos.logback.core.ConsoleAppender[Console] - To ensure compatibility, wrapping your layout in LayoutWrappingEncoder.
00:37:23,933 |-WARN in ch.qos.logback.core.ConsoleAppender[Console] - See also http://logback.qos.ch/codes.html#layoutInsteadOfEncoder for details
00:37:23,933 |-INFO in ch.qos.logback.core.model.processor.AppenderModelHandler - Processing appender named [SecurityFile]
00:37:23,933 |-INFO in ch.qos.logback.core.model.processor.AppenderModelHandler - About to instantiate appender of type [ch.qos.logback.core.rolling.RollingFileAppender]
00:37:23,952 |-INFO in c.q.l.core.rolling.TimeBasedRollingPolicy@1179272258 - No compression will be used
00:37:23,953 |-INFO in c.q.l.core.rolling.TimeBasedRollingPolicy@1179272258 - Will use the pattern ./logs/archived/security-%d{yyyy-MM-dd}.%i.log for the active file
00:37:23,954 |-INFO in ch.qos.logback.core.rolling.SizeAndTimeBasedFNATP@2873d672 - The date pattern is 'yyyy-MM-dd' from file name pattern './logs/archived/security-%d{yyyy-MM-dd}.%i.log'.
00:37:23,954 |-INFO in ch.qos.logback.core.rolling.SizeAndTimeBasedFNATP@2873d672 - Roll-over at midnight.
00:37:23,956 |-INFO in ch.qos.logback.core.rolling.SizeAndTimeBasedFNATP@2873d672 - Setting initial period to 2025-01-31T20:30:18.164Z
00:37:23,956 |-WARN in ch.qos.logback.core.rolling.SizeAndTimeBasedFNATP@2873d672 - SizeAndTimeBasedFNATP is deprecated. Use SizeAndTimeBasedRollingPolicy instead
00:37:23,956 |-WARN in ch.qos.logback.core.rolling.SizeAndTimeBasedFNATP@2873d672 - For more information see http://logback.qos.ch/manual/appenders.html#SizeAndTimeBasedRollingPolicy
00:37:23,968 |-INFO in ch.qos.logback.core.rolling.RollingFileAppender[SecurityFile] - Active log file name: ./logs/security.log
00:37:23,968 |-INFO in ch.qos.logback.core.rolling.RollingFileAppender[SecurityFile] - File property is set to [./logs/security.log]
00:37:23,969 |-INFO in ch.qos.logback.classic.model.processor.LoggerModelHandler - Setting level of logger [com.example.secureblog.security] to INFO
00:37:23,969 |-INFO in ch.qos.logback.classic.jul.LevelChangePropagator@3bc735b3 - Propagating INFO level on Logger[com.example.secureblog.security] onto the JUL framework
00:37:23,970 |-INFO in ch.qos.logback.core.model.processor.AppenderRefModelHandler - Attaching appender named [SecurityFile] to Logger[com.example.secureblog.security]
00:37:23,970 |-INFO in ch.qos.logback.classic.model.processor.RootLoggerModelHandler - Setting level of ROOT logger to INFO
00:37:23,970 |-INFO in ch.qos.logback.classic.jul.LevelChangePropagator@3bc735b3 - Propagating INFO level on Logger[ROOT] onto the JUL framework
00:37:23,970 |-INFO in ch.qos.logback.core.model.processor.AppenderRefModelHandler - Attaching appender named [Console] to Logger[ROOT]
00:37:23,970 |-INFO in ch.qos.logback.core.model.processor.DefaultProcessor@577f9109 - End of configuration.
00:37:23,970 |-INFO in org.springframework.boot.logging.logback.SpringBootJoranConfigurator@4303b7f0 - Registering current configuration as safe fallback point


  .   ____          _            __ _ _
 /\\ / ___'_ __ _ _(_)_ __  __ _ \ \ \ \
( ( )\___ | '_ | '_| | '_ \/ _` | \ \ \ \
 \\/  ___)| |_)| | | | | || (_| |  ) ) ) )
  '  |____| .__|_| |_|_| |_\__, | / / / /
 =========|_|==============|___/=/_/_/_/
 :: Spring Boot ::                (v3.2.2)

2025-02-01 00:37:24,099 &amp#27;[34mINFO &amp#27;[0;39m [&amp#27;[34mbackground-preinit&amp#27;[0;39m] &amp#27;[33mo.h.v.i.u.Version&amp#27;[0;39m: HV000001: Hibernate Validator 8.0.1.Final
2025-02-01 00:37:24,150 &amp#27;[34mINFO &amp#27;[0;39m [&amp#27;[34mmain&amp#27;[0;39m] &amp#27;[33mo.s.b.StartupInfoLogger&amp#27;[0;39m: Starting AuthControllerTest using Java 20.0.2 with PID 344 (started by artun in C:\Users\artun\Downloads\Anar22)
2025-02-01 00:37:24,150 &amp#27;[39mDEBUG&amp#27;[0;39m [&amp#27;[34mmain&amp#27;[0;39m] &amp#27;[33mo.s.b.StartupInfoLogger&amp#27;[0;39m: Running with Spring Boot v3.2.2, Spring v6.1.3
2025-02-01 00:37:24,153 &amp#27;[34mINFO &amp#27;[0;39m [&amp#27;[34mmain&amp#27;[0;39m] &amp#27;[33mo.s.b.SpringApplication&amp#27;[0;39m: No active profile set, falling back to 1 default profile: "default"
2025-02-01 00:37:24,153 &amp#27;[39mDEBUG&amp#27;[0;39m [&amp#27;[34mmain&amp#27;[0;39m] &amp#27;[33mo.s.b.SpringApplication&amp#27;[0;39m: Loading source class com.example.secureblog.SecureBlogApplication
2025-02-01 00:37:24,184 &amp#27;[39mDEBUG&amp#27;[0;39m [&amp#27;[34mmain&amp#27;[0;39m] &amp#27;[33mo.s.c.s.AbstractApplicationContext&amp#27;[0;39m: Refreshing org.springframework.web.context.support.GenericWebApplicationContext@332f25c8
2025-02-01 00:37:24,234 &amp#27;[39mDEBUG&amp#27;[0;39m [&amp#27;[34mmain&amp#27;[0;39m] &amp#27;[33mo.s.b.f.s.DefaultSingletonBeanRegistry&amp#27;[0;39m: Creating shared instance of singleton bean 'org.springframework.context.annotation.internalConfigurationAnnotationProcessor'
2025-02-01 00:37:24,258 &amp#27;[39mDEBUG&amp#27;[0;39m [&amp#27;[34mmain&amp#27;[0;39m] &amp#27;[33mo.s.b.f.s.DefaultSingletonBeanRegistry&amp#27;[0;39m: Creating shared instance of singleton bean 'org.springframework.boot.autoconfigure.internalCachingMetadataReaderFactory'
2025-02-01 00:37:24,373 &amp#27;[39mDEBUG&amp#27;[0;39m [&amp#27;[34mmain&amp#27;[0;39m] &amp#27;[33mo.s.c.a.ClassPathScanningCandidateComponentProvider&amp#27;[0;39m: Identified candidate component class: file [C:\Users\artun\Downloads\Anar22\target\classes\com\example\secureblog\aspect\SecurityLoggingAspect.class]
2025-02-01 00:37:24,387 &amp#27;[39mDEBUG&amp#27;[0;39m [&amp#27;[34mmain&amp#27;[0;39m] &amp#27;[33mo.s.c.a.ClassPathScanningCandidateComponentProvider&amp#27;[0;39m: Identified candidate component class: file [C:\Users\artun\Downloads\Anar22\target\classes\com\example\secureblog\config\SecurityConfig.class]
2025-02-01 00:37:24,387 &amp#27;[39mDEBUG&amp#27;[0;39m [&amp#27;[34mmain&amp#27;[0;39m] &amp#27;[33mo.s.c.a.ClassPathScanningCandidateComponentProvider&amp#27;[0;39m: Identified candidate component class: file [C:\Users\artun\Downloads\Anar22\target\classes\com\example\secureblog\controller\AuthController.class]
2025-02-01 00:37:24,389 &amp#27;[39mDEBUG&amp#27;[0;39m [&amp#27;[34mmain&amp#27;[0;39m] &amp#27;[33mo.s.c.a.ClassPathScanningCandidateComponentProvider&amp#27;[0;39m: Identified candidate component class: file [C:\Users\artun\Downloads\Anar22\target\classes\com\example\secureblog\controller\BlogArticleController.class]
2025-02-01 00:37:24,391 &amp#27;[39mDEBUG&amp#27;[0;39m [&amp#27;[34mmain&amp#27;[0;39m] &amp#27;[33mo.s.c.a.ClassPathScanningCandidateComponentProvider&amp#27;[0;39m: Identified candidate component class: file [C:\Users\artun\Downloads\Anar22\target\classes\com\example\secureblog\controller\PostController.class]
2025-02-01 00:37:24,397 &amp#27;[39mDEBUG&amp#27;[0;39m [&amp#27;[34mmain&amp#27;[0;39m] &amp#27;[33mo.s.c.a.ClassPathScanningCandidateComponentProvider&amp#27;[0;39m: Identified candidate component class: file [C:\Users\artun\Downloads\Anar22\target\classes\com\example\secureblog\exception\GlobalExceptionHandler.class]
2025-02-01 00:37:24,417 &amp#27;[39mDEBUG&amp#27;[0;39m [&amp#27;[34mmain&amp#27;[0;39m] &amp#27;[33mo.s.c.a.ClassPathScanningCandidateComponentProvider&amp#27;[0;39m: Ignored because not a concrete top-level class: file [C:\Users\artun\Downloads\Anar22\target\classes\com\example\secureblog\repository\UserRepository.class]
2025-02-01 00:37:24,419 &amp#27;[39mDEBUG&amp#27;[0;39m [&amp#27;[34mmain&amp#27;[0;39m] &amp#27;[33mo.s.c.a.ClassPathScanningCandidateComponentProvider&amp#27;[0;39m: Identified candidate component class: file [C:\Users\artun\Downloads\Anar22\target\classes\com\example\secureblog\security\CustomUserDetailsService.class]
2025-02-01 00:37:24,422 &amp#27;[39mDEBUG&amp#27;[0;39m [&amp#27;[34mmain&amp#27;[0;39m] &amp#27;[33mo.s.c.a.ClassPathScanningCandidateComponentProvider&amp#27;[0;39m: Identified candidate component class: file [C:\Users\artun\Downloads\Anar22\target\classes\com\example\secureblog\security\JwtAuthenticationFilter.class]
2025-02-01 00:37:24,424 &amp#27;[39mDEBUG&amp#27;[0;39m [&amp#27;[34mmain&amp#27;[0;39m] &amp#27;[33mo.s.c.a.ClassPathScanningCandidateComponentProvider&amp#27;[0;39m: Identified candidate component class: file [C:\Users\artun\Downloads\Anar22\target\classes\com\example\secureblog\security\JwtService.class]
2025-02-01 00:37:24,425 &amp#27;[39mDEBUG&amp#27;[0;39m [&amp#27;[34mmain&amp#27;[0;39m] &amp#27;[33mo.s.c.a.ClassPathScanningCandidateComponentProvider&amp#27;[0;39m: Identified candidate component class: file [C:\Users\artun\Downloads\Anar22\target\classes\com\example\secureblog\security\JwtTokenProvider.class]
2025-02-01 00:37:24,427 &amp#27;[39mDEBUG&amp#27;[0;39m [&amp#27;[34mmain&amp#27;[0;39m] &amp#27;[33mo.s.c.a.ClassPathScanningCandidateComponentProvider&amp#27;[0;39m: Identified candidate component class: file [C:\Users\artun\Downloads\Anar22\target\classes\com\example\secureblog\service\BlogArticleService.class]
2025-02-01 00:37:24,431 &amp#27;[39mDEBUG&amp#27;[0;39m [&amp#27;[34mmain&amp#27;[0;39m] &amp#27;[33mo.s.c.a.ClassPathScanningCandidateComponentProvider&amp#27;[0;39m: Identified candidate component class: file [C:\Users\artun\Downloads\Anar22\target\classes\com\example\secureblog\service\PostService.class]
2025-02-01 00:37:24,432 &amp#27;[39mDEBUG&amp#27;[0;39m [&amp#27;[34mmain&amp#27;[0;39m] &amp#27;[33mo.s.c.a.ClassPathScanningCandidateComponentProvider&amp#27;[0;39m: Identified candidate component class: file [C:\Users\artun\Downloads\Anar22\target\classes\com\example\secureblog\service\UserService.class]
2025-02-01 00:37:25,395 &amp#27;[34mINFO &amp#27;[0;39m [&amp#27;[34mmain&amp#27;[0;39m] &amp#27;[33mo.s.d.r.c.RepositoryConfigurationDelegate&amp#27;[0;39m: Bootstrapping Spring Data JPA repositories in DEFAULT mode.
2025-02-01 00:37:25,407 &amp#27;[39mDEBUG&amp#27;[0;39m [&amp#27;[34mmain&amp#27;[0;39m] &amp#27;[33mo.s.b.f.s.DefaultSingletonBeanRegistry&amp#27;[0;39m: Creating shared instance of singleton bean 'org.springframework.boot.autoconfigure.AutoConfigurationPackages'
2025-02-01 00:37:25,415 &amp#27;[39mDEBUG&amp#27;[0;39m [&amp#27;[34mmain&amp#27;[0;39m] &amp#27;[33mo.s.b.a.AutoConfigurationPackages$BasePackages&amp#27;[0;39m: @EnableAutoConfiguration was declared on a class in the package 'com.example.secureblog'. Automatic @Repository and @Entity scanning is enabled.
2025-02-01 00:37:25,417 &amp#27;[39mDEBUG&amp#27;[0;39m [&amp#27;[34mmain&amp#27;[0;39m] &amp#27;[33mo.s.d.r.c.RepositoryConfigurationDelegate&amp#27;[0;39m: Scanning for JPA repositories in packages com.example.secureblog.
2025-02-01 00:37:25,424 &amp#27;[39mDEBUG&amp#27;[0;39m [&amp#27;[34mmain&amp#27;[0;39m] &amp#27;[33mo.s.c.a.ClassPathScanningCandidateComponentProvider&amp#27;[0;39m: Identified candidate component class: file [C:\Users\artun\Downloads\Anar22\target\classes\com\example\secureblog\repository\BlogArticleRepository.class]
2025-02-01 00:37:25,424 &amp#27;[39mDEBUG&amp#27;[0;39m [&amp#27;[34mmain&amp#27;[0;39m] &amp#27;[33mo.s.c.a.ClassPathScanningCandidateComponentProvider&amp#27;[0;39m: Identified candidate component class: file [C:\Users\artun\Downloads\Anar22\target\classes\com\example\secureblog\repository\PostRepository.class]
2025-02-01 00:37:25,424 &amp#27;[39mDEBUG&amp#27;[0;39m [&amp#27;[34mmain&amp#27;[0;39m] &amp#27;[33mo.s.c.a.ClassPathScanningCandidateComponentProvider&amp#27;[0;39m: Identified candidate component class: file [C:\Users\artun\Downloads\Anar22\target\classes\com\example\secureblog\repository\UserRepository.class]
2025-02-01 00:37:25,474 &amp#27;[34mINFO &amp#27;[0;39m [&amp#27;[34mmain&amp#27;[0;39m] &amp#27;[33mo.s.d.r.c.RepositoryConfigurationDelegate&amp#27;[0;39m: Finished Spring Data repository scanning in 55 ms. Found 3 JPA repository interfaces.
2025-02-01 00:37:25,701 &amp#27;[39mDEBUG&amp#27;[0;39m [&amp#27;[34mmain&amp#27;[0;39m] &amp#27;[33mo.s.b.f.s.DefaultSingletonBeanRegistry&amp#27;[0;39m: Creating shared instance of singleton bean 'org.springframework.boot.test.context.ImportsContextCustomizer$ImportsCleanupPostProcessor'
2025-02-01 00:37:25,702 &amp#27;[39mDEBUG&amp#27;[0;39m [&amp#27;[34mmain&amp#27;[0;39m] &amp#27;[33mo.s.b.f.s.DefaultSingletonBeanRegistry&amp#27;[0;39m: Creating shared instance of singleton bean 'springSecurityHandlerMappingIntrospectorBeanDefinitionRegistryPostProcessor'
2025-02-01 00:37:25,838 &amp#27;[39mDEBUG&amp#27;[0;39m [&amp#27;[34mmain&amp#27;[0;39m] &amp#27;[33mo.s.b.f.s.DefaultSingletonBeanRegistry&amp#27;[0;39m: Creating shared instance of singleton bean 'propertySourcesPlaceholderConfigurer'
2025-02-01 00:37:25,843 &amp#27;[39mDEBUG&amp#27;[0;39m [&amp#27;[34mmain&amp#27;[0;39m] &amp#27;[33mo.s.b.f.s.DefaultSingletonBeanRegistry&amp#27;[0;39m: Creating shared instance of singleton bean 'org.springframework.boot.test.mock.mockito.MockitoPostProcessor'
2025-02-01 00:37:25,850 &amp#27;[39mDEBUG&amp#27;[0;39m [&amp#27;[34mmain&amp#27;[0;39m] &amp#27;[33mo.s.b.f.s.DefaultSingletonBeanRegistry&amp#27;[0;39m: Creating shared instance of singleton bean 'emBeanDefinitionRegistrarPostProcessor'
2025-02-01 00:37:25,852 &amp#27;[39mDEBUG&amp#27;[0;39m [&amp#27;[34mmain&amp#27;[0;39m] &amp#27;[33mo.s.b.f.s.DefaultSingletonBeanRegistry&amp#27;[0;39m: Creating shared instance of singleton bean 'org.springframework.boot.sql.init.dependency.DatabaseInitializationDependencyConfigurer$DependsOnDatabaseInitializationPostProcessor'
2025-02-01 00:37:25,932 &amp#27;[39mDEBUG&amp#27;[0;39m [&amp#27;[34mmain&amp#27;[0;39m] &amp#27;[33mo.s.b.f.s.DefaultSingletonBeanRegistry&amp#27;[0;39m: Creating shared instance of singleton bean 'org.springframework.context.event.internalEventListenerProcessor'
2025-02-01 00:37:25,939 &amp#27;[39mDEBUG&amp#27;[0;39m [&amp#27;[34mmain&amp#27;[0;39m] &amp#27;[33mo.s.b.f.s.DefaultSingletonBeanRegistry&amp#27;[0;39m: Creating shared instance of singleton bean 'conversionServicePostProcessor'
2025-02-01 00:37:25,953 &amp#27;[39mDEBUG&amp#27;[0;39m [&amp#27;[34mmain&amp#27;[0;39m] &amp#27;[33mo.s.b.f.s.DefaultSingletonBeanRegistry&amp#27;[0;39m: Creating shared instance of singleton bean 'preserveErrorControllerTargetClassPostProcessor'
2025-02-01 00:37:25,954 &amp#27;[39mDEBUG&amp#27;[0;39m [&amp#27;[34mmain&amp#27;[0;39m] &amp#27;[33mo.s.b.f.s.DefaultSingletonBeanRegistry&amp#27;[0;39m: Creating shared instance of singleton bean 'org.springframework.context.event.internalEventListenerFactory'
2025-02-01 00:37:25,954 &amp#27;[39mDEBUG&amp#27;[0;39m [&amp#27;[34mmain&amp#27;[0;39m] &amp#27;[33mo.s.b.f.s.DefaultSingletonBeanRegistry&amp#27;[0;39m: Creating shared instance of singleton bean 'org.springframework.transaction.config.internalTransactionalEventListenerFactory'
2025-02-01 00:37:25,960 &amp#27;[39mDEBUG&amp#27;[0;39m [&amp#27;[34mmain&amp#27;[0;39m] &amp#27;[33mo.s.b.f.s.DefaultSingletonBeanRegistry&amp#27;[0;39m: Creating shared instance of singleton bean 'org.springframework.context.annotation.internalAutowiredAnnotationProcessor'
2025-02-01 00:37:25,962 &amp#27;[39mDEBUG&amp#27;[0;39m [&amp#27;[34mmain&amp#27;[0;39m] &amp#27;[33mo.s.b.f.s.DefaultSingletonBeanRegistry&amp#27;[0;39m: Creating shared instance of singleton bean 'org.springframework.context.annotation.internalCommonAnnotationProcessor'
2025-02-01 00:37:25,966 &amp#27;[39mDEBUG&amp#27;[0;39m [&amp#27;[34mmain&amp#27;[0;39m] &amp#27;[33mo.s.b.f.s.DefaultSingletonBeanRegistry&amp#27;[0;39m: Creating shared instance of singleton bean 'org.springframework.context.annotation.internalPersistenceAnnotationProcessor'
2025-02-01 00:37:25,966 &amp#27;[39mDEBUG&amp#27;[0;39m [&amp#27;[34mmain&amp#27;[0;39m] &amp#27;[33mo.s.b.f.s.DefaultSingletonBeanRegistry&amp#27;[0;39m: Creating shared instance of singleton bean 'org.springframework.boot.test.mock.mockito.MockitoPostProcessor$SpyPostProcessor'
2025-02-01 00:37:25,968 &amp#27;[39mDEBUG&amp#27;[0;39m [&amp#27;[34mmain&amp#27;[0;39m] &amp#27;[33mo.s.b.f.s.DefaultSingletonBeanRegistry&amp#27;[0;39m: Creating shared instance of singleton bean 'org.springframework.boot.context.properties.ConfigurationPropertiesBindingPostProcessor'
2025-02-01 00:37:25,968 &amp#27;[39mDEBUG&amp#27;[0;39m [&amp#27;[34mmain&amp#27;[0;39m] &amp#27;[33mo.s.b.f.s.DefaultSingletonBeanRegistry&amp#27;[0;39m: Creating shared instance of singleton bean 'org.springframework.boot.context.internalConfigurationPropertiesBinder'
2025-02-01 00:37:25,972 &amp#27;[39mDEBUG&amp#27;[0;39m [&amp#27;[34mmain&amp#27;[0;39m] &amp#27;[33mo.s.b.f.s.DefaultSingletonBeanRegistry&amp#27;[0;39m: Creating shared instance of singleton bean 'jdbcConnectionDetailsHikariBeanPostProcessor'
2025-02-01 00:37:25,974 &amp#27;[39mDEBUG&amp#27;[0;39m [&amp#27;[34mmain&amp#27;[0;39m] &amp#27;[33mo.s.b.f.s.DefaultSingletonBeanRegistry&amp#27;[0;39m: Creating shared instance of singleton bean 'methodValidationPostProcessor'
2025-02-01 00:37:26,002 &amp#27;[39mDEBUG&amp#27;[0;39m [&amp#27;[34mmain&amp#27;[0;39m] &amp#27;[33mo.s.b.f.s.ConstructorResolver&amp#27;[0;39m: Autowiring by type from bean name 'methodValidationPostProcessor' via factory method to bean named 'environment'
2025-02-01 00:37:26,006 &amp#27;[39mDEBUG&amp#27;[0;39m [&amp#27;[34mmain&amp#27;[0;39m] &amp#27;[33mo.s.b.f.s.DefaultSingletonBeanRegistry&amp#27;[0;39m: Creating shared instance of singleton bean 'org.springframework.boot.context.properties.EnableConfigurationPropertiesRegistrar.methodValidationExcludeFilter'
2025-02-01 00:37:26,032 &amp#27;[39mDEBUG&amp#27;[0;39m [&amp#27;[34mmain&amp#27;[0;39m] &amp#27;[33mo.s.b.f.s.DefaultSingletonBeanRegistry&amp#27;[0;39m: Creating shared instance of singleton bean 'org.springframework.aop.config.internalAutoProxyCreator'
2025-02-01 00:37:26,055 &amp#27;[39mDEBUG&amp#27;[0;39m [&amp#27;[34mmain&amp#27;[0;39m] &amp#27;[33mo.s.b.f.s.DefaultSingletonBeanRegistry&amp#27;[0;39m: Creating shared instance of singleton bean 'persistenceExceptionTranslationPostProcessor'
2025-02-01 00:37:26,055 &amp#27;[39mDEBUG&amp#27;[0;39m [&amp#27;[34mmain&amp#27;[0;39m] &amp#27;[33mo.s.b.f.s.ConstructorResolver&amp#27;[0;39m: Autowiring by type from bean name 'persistenceExceptionTranslationPostProcessor' via factory method to bean named 'environment'
2025-02-01 00:37:26,063 &amp#27;[39mDEBUG&amp#27;[0;39m [&amp#27;[34mmain&amp#27;[0;39m] &amp#27;[33mo.s.b.f.s.DefaultSingletonBeanRegistry&amp#27;[0;39m: Creating shared instance of singleton bean 'webServerFactoryCustomizerBeanPostProcessor'
2025-02-01 00:37:26,066 &amp#27;[39mDEBUG&amp#27;[0;39m [&amp#27;[34mmain&amp#27;[0;39m] &amp#27;[33mo.s.b.f.s.DefaultSingletonBeanRegistry&amp#27;[0;39m: Creating shared instance of singleton bean 'errorPageRegistrarBeanPostProcessor'
2025-02-01 00:37:26,066 &amp#27;[39mDEBUG&amp#27;[0;39m [&amp#27;[34mmain&amp#27;[0;39m] &amp#27;[33mo.s.b.f.s.DefaultSingletonBeanRegistry&amp#27;[0;39m: Creating shared instance of singleton bean 'projectingArgumentResolverBeanPostProcessor'
2025-02-01 00:37:26,068 &amp#27;[39mDEBUG&amp#27;[0;39m [&amp#27;[34mmain&amp#27;[0;39m] &amp#27;[33mo.s.b.f.s.DefaultSingletonBeanRegistry&amp#27;[0;39m: Creating shared instance of singleton bean 'org.springframework.transaction.config.internalTransactionAdvisor'
2025-02-01 00:37:26,068 &amp#27;[39mDEBUG&amp#27;[0;39m [&amp#27;[34mmain&amp#27;[0;39m] &amp#27;[33mo.s.b.f.s.DefaultSingletonBeanRegistry&amp#27;[0;39m: Creating shared instance of singleton bean 'org.springframework.transaction.annotation.ProxyTransactionManagementConfiguration'
2025-02-01 00:37:26,095 &amp#27;[39mDEBUG&amp#27;[0;39m [&amp#27;[34mmain&amp#27;[0;39m] &amp#27;[33mo.s.a.a.a.ReflectiveAspectJAdvisorFactory&amp#27;[0;39m: Found AspectJ method: public java.lang.Object com.example.secureblog.aspect.SecurityLoggingAspect.logSecurityAccess(org.aspectj.lang.ProceedingJoinPoint) throws java.lang.Throwable
2025-02-01 00:37:26,274 &amp#27;[39mDEBUG&amp#27;[0;39m [&amp#27;[34mmain&amp#27;[0;39m] &amp#27;[33mo.s.b.f.s.DefaultSingletonBeanRegistry&amp#27;[0;39m: Creating shared instance of singleton bean 'transactionAttributeSource'
2025-02-01 00:37:26,274 &amp#27;[39mDEBUG&amp#27;[0;39m [&amp#27;[34mmain&amp#27;[0;39m] &amp#27;[33mo.s.b.f.s.DefaultSingletonBeanRegistry&amp#27;[0;39m: Creating shared instance of singleton bean 'transactionInterceptor'
2025-02-01 00:37:26,274 &amp#27;[39mDEBUG&amp#27;[0;39m [&amp#27;[34mmain&amp#27;[0;39m] &amp#27;[33mo.s.b.f.s.ConstructorResolver&amp#27;[0;39m: Autowiring by type from bean name 'transactionInterceptor' via factory method to bean named 'transactionAttributeSource'
2025-02-01 00:37:26,291 &amp#27;[39mDEBUG&amp#27;[0;39m [&amp#27;[34mmain&amp#27;[0;39m] &amp#27;[33mo.s.b.f.s.ConstructorResolver&amp#27;[0;39m: Autowiring by type from bean name 'org.springframework.transaction.config.internalTransactionAdvisor' via factory method to bean named 'transactionAttributeSource'
2025-02-01 00:37:26,291 &amp#27;[39mDEBUG&amp#27;[0;39m [&amp#27;[34mmain&amp#27;[0;39m] &amp#27;[33mo.s.b.f.s.ConstructorResolver&amp#27;[0;39m: Autowiring by type from bean name 'org.springframework.transaction.config.internalTransactionAdvisor' via factory method to bean named 'transactionInterceptor'
2025-02-01 00:37:26,321 &amp#27;[39mDEBUG&amp#27;[0;39m [&amp#27;[34mmain&amp#27;[0;39m] &amp#27;[33mo.s.u.c.s.UiApplicationContextUtils&amp#27;[0;39m: Unable to locate ThemeSource with name 'themeSource': using default [org.springframework.ui.context.support.ResourceBundleThemeSource@18e4674d]
2025-02-01 00:37:26,324 &amp#27;[39mDEBUG&amp#27;[0;39m [&amp#27;[34mmain&amp#27;[0;39m] &amp#27;[33mo.s.b.f.s.DefaultSingletonBeanRegistry&amp#27;[0;39m: Creating shared instance of singleton bean 'flyway'
2025-02-01 00:37:26,324 &amp#27;[39mDEBUG&amp#27;[0;39m [&amp#27;[34mmain&amp#27;[0;39m] &amp#27;[33mo.s.b.f.s.DefaultSingletonBeanRegistry&amp#27;[0;39m: Creating shared instance of singleton bean 'org.springframework.boot.autoconfigure.flyway.FlywayAutoConfiguration$FlywayConfiguration'
2025-02-01 00:37:26,324 &amp#27;[39mDEBUG&amp#27;[0;39m [&amp#27;[34mmain&amp#27;[0;39m] &amp#27;[33mo.s.b.f.s.DefaultSingletonBeanRegistry&amp#27;[0;39m: Creating shared instance of singleton bean 'spring.flyway-org.springframework.boot.autoconfigure.flyway.FlywayProperties'
2025-02-01 00:37:26,332 &amp#27;[39mDEBUG&amp#27;[0;39m [&amp#27;[34mmain&amp#27;[0;39m] &amp#27;[33mo.s.b.f.s.DefaultSingletonBeanRegistry&amp#27;[0;39m: Creating shared instance of singleton bean 'org.springframework.boot.context.properties.BoundConfigurationProperties'
2025-02-01 00:37:26,358 &amp#27;[39mDEBUG&amp#27;[0;39m [&amp#27;[34mmain&amp#27;[0;39m] &amp#27;[33mo.s.b.f.s.DefaultSingletonBeanRegistry&amp#27;[0;39m: Creating shared instance of singleton bean 'stringOrNumberMigrationVersionConverter'
2025-02-01 00:37:26,360 &amp#27;[39mDEBUG&amp#27;[0;39m [&amp#27;[34mmain&amp#27;[0;39m] &amp#27;[33mo.s.b.f.s.DefaultSingletonBeanRegistry&amp#27;[0;39m: Creating shared instance of singleton bean 'org.springframework.boot.autoconfigure.flyway.FlywayAutoConfiguration'
2025-02-01 00:37:26,412 &amp#27;[39mDEBUG&amp#27;[0;39m [&amp#27;[34mmain&amp#27;[0;39m] &amp#27;[33mo.s.b.f.s.ConstructorResolver&amp#27;[0;39m: Autowiring by type from bean name 'org.springframework.boot.autoconfigure.flyway.FlywayAutoConfiguration$FlywayConfiguration' via constructor to bean named 'spring.flyway-org.springframework.boot.autoconfigure.flyway.FlywayProperties'
2025-02-01 00:37:26,424 &amp#27;[39mDEBUG&amp#27;[0;39m [&amp#27;[34mmain&amp#27;[0;39m] &amp#27;[33mo.s.b.f.s.DefaultSingletonBeanRegistry&amp#27;[0;39m: Creating shared instance of singleton bean 'flywayConnectionDetails'
2025-02-01 00:37:26,424 &amp#27;[39mDEBUG&amp#27;[0;39m [&amp#27;[34mmain&amp#27;[0;39m] &amp#27;[33mo.s.b.f.s.DefaultSingletonBeanRegistry&amp#27;[0;39m: Creating shared instance of singleton bean 'resourceProviderCustomizer'
2025-02-01 00:37:26,424 &amp#27;[39mDEBUG&amp#27;[0;39m [&amp#27;[34mmain&amp#27;[0;39m] &amp#27;[33mo.s.b.f.s.ConstructorResolver&amp#27;[0;39m: Autowiring by type from bean name 'flyway' via factory method to bean named 'flywayConnectionDetails'
2025-02-01 00:37:26,424 &amp#27;[39mDEBUG&amp#27;[0;39m [&amp#27;[34mmain&amp#27;[0;39m] &amp#27;[33mo.s.b.f.s.ConstructorResolver&amp#27;[0;39m: Autowiring by type from bean name 'flyway' via factory method to bean named 'org.springframework.web.context.support.GenericWebApplicationContext@332f25c8'
2025-02-01 00:37:26,431 &amp#27;[39mDEBUG&amp#27;[0;39m [&amp#27;[34mmain&amp#27;[0;39m] &amp#27;[33mo.s.b.f.s.ConstructorResolver&amp#27;[0;39m: Autowiring by type from bean name 'flyway' via factory method to bean named 'resourceProviderCustomizer'
2025-02-01 00:37:26,447 &amp#27;[39mDEBUG&amp#27;[0;39m [&amp#27;[34mmain&amp#27;[0;39m] &amp#27;[33mo.s.b.f.s.DefaultSingletonBeanRegistry&amp#27;[0;39m: Creating shared instance of singleton bean 'dataSource'
2025-02-01 00:37:26,450 &amp#27;[39mDEBUG&amp#27;[0;39m [&amp#27;[34mmain&amp#27;[0;39m] &amp#27;[33mo.s.b.f.s.DefaultSingletonBeanRegistry&amp#27;[0;39m: Creating shared instance of singleton bean 'org.springframework.boot.autoconfigure.jdbc.DataSourceConfiguration$Hikari'
2025-02-01 00:37:26,453 &amp#27;[39mDEBUG&amp#27;[0;39m [&amp#27;[34mmain&amp#27;[0;39m] &amp#27;[33mo.s.b.f.s.DefaultSingletonBeanRegistry&amp#27;[0;39m: Creating shared instance of singleton bean 'spring.datasource-org.springframework.boot.autoconfigure.jdbc.DataSourceProperties'
2025-02-01 00:37:26,466 &amp#27;[39mDEBUG&amp#27;[0;39m [&amp#27;[34mmain&amp#27;[0;39m] &amp#27;[33mo.s.b.f.s.DefaultSingletonBeanRegistry&amp#27;[0;39m: Creating shared instance of singleton bean 'jdbcConnectionDetails'
2025-02-01 00:37:26,466 &amp#27;[39mDEBUG&amp#27;[0;39m [&amp#27;[34mmain&amp#27;[0;39m] &amp#27;[33mo.s.b.f.s.DefaultSingletonBeanRegistry&amp#27;[0;39m: Creating shared instance of singleton bean 'org.springframework.boot.autoconfigure.jdbc.DataSourceAutoConfiguration$PooledDataSourceConfiguration'
2025-02-01 00:37:26,468 &amp#27;[39mDEBUG&amp#27;[0;39m [&amp#27;[34mmain&amp#27;[0;39m] &amp#27;[33mo.s.b.f.s.ConstructorResolver&amp#27;[0;39m: Autowiring by type from bean name 'jdbcConnectionDetails' via factory method to bean named 'spring.datasource-org.springframework.boot.autoconfigure.jdbc.DataSourceProperties'
2025-02-01 00:37:26,468 &amp#27;[39mDEBUG&amp#27;[0;39m [&amp#27;[34mmain&amp#27;[0;39m] &amp#27;[33mo.s.b.f.s.ConstructorResolver&amp#27;[0;39m: Autowiring by type from bean name 'dataSource' via factory method to bean named 'spring.datasource-org.springframework.boot.autoconfigure.jdbc.DataSourceProperties'
2025-02-01 00:37:26,468 &amp#27;[39mDEBUG&amp#27;[0;39m [&amp#27;[34mmain&amp#27;[0;39m] &amp#27;[33mo.s.b.f.s.ConstructorResolver&amp#27;[0;39m: Autowiring by type from bean name 'dataSource' via factory method to bean named 'jdbcConnectionDetails'
2025-02-01 00:37:26,502 &amp#27;[34mINFO &amp#27;[0;39m [&amp#27;[34mmain&amp#27;[0;39m] &amp#27;[33mc.z.h.HikariDataSource&amp#27;[0;39m: HikariPool-1 - Starting...
2025-02-01 00:37:26,738 &amp#27;[34mINFO &amp#27;[0;39m [&amp#27;[34mmain&amp#27;[0;39m] &amp#27;[33mc.z.h.p.HikariPool&amp#27;[0;39m: HikariPool-1 - Added connection conn0: url=jdbc:h2:mem:blogdb user=SA
2025-02-01 00:37:26,739 &amp#27;[34mINFO &amp#27;[0;39m [&amp#27;[34mmain&amp#27;[0;39m] &amp#27;[33mc.z.h.HikariDataSource&amp#27;[0;39m: HikariPool-1 - Start completed.
2025-02-01 00:37:26,805 &amp#27;[39mDEBUG&amp#27;[0;39m [&amp#27;[34mmain&amp#27;[0;39m] &amp#27;[33mo.s.b.f.s.DefaultSingletonBeanRegistry&amp#27;[0;39m: Creating shared instance of singleton bean 'postgresqlFlywayConfigurationCustomizer'
2025-02-01 00:37:26,842 &amp#27;[39mDEBUG&amp#27;[0;39m [&amp#27;[34mmain&amp#27;[0;39m] &amp#27;[33mo.s.b.f.s.DefaultSingletonBeanRegistry&amp#27;[0;39m: Creating shared instance of singleton bean 'flywayInitializer'
2025-02-01 00:37:26,842 &amp#27;[39mDEBUG&amp#27;[0;39m [&amp#27;[34mmain&amp#27;[0;39m] &amp#27;[33mo.s.b.f.s.ConstructorResolver&amp#27;[0;39m: Autowiring by type from bean name 'flywayInitializer' via factory method to bean named 'flyway'
2025-02-01 00:37:26,858 &amp#27;[34mINFO &amp#27;[0;39m [&amp#27;[34mmain&amp#27;[0;39m] &amp#27;[33mo.f.c.i.l.s.Slf4jLog&amp#27;[0;39m: Flyway Community Edition 9.22.3 by Redgate
2025-02-01 00:37:26,858 &amp#27;[34mINFO &amp#27;[0;39m [&amp#27;[34mmain&amp#27;[0;39m] &amp#27;[33mo.f.c.i.l.s.Slf4jLog&amp#27;[0;39m: See release notes here: https://rd.gt/416ObMi
2025-02-01 00:37:26,858 &amp#27;[34mINFO &amp#27;[0;39m [&amp#27;[34mmain&amp#27;[0;39m] &amp#27;[33mo.f.c.i.l.s.Slf4jLog&amp#27;[0;39m: 
2025-02-01 00:37:26,920 &amp#27;[34mINFO &amp#27;[0;39m [&amp#27;[34mmain&amp#27;[0;39m] &amp#27;[33mo.f.c.i.l.s.Slf4jLog&amp#27;[0;39m: Database: jdbc:h2:mem:blogdb (H2 2.2)
2025-02-01 00:37:26,925 &amp#27;[31mWARN &amp#27;[0;39m [&amp#27;[34mmain&amp#27;[0;39m] &amp#27;[33mo.f.c.i.l.s.Slf4jLog&amp#27;[0;39m: Flyway upgrade recommended: H2 2.2.224 is newer than this version of Flyway and support has not been tested. The latest supported version of H2 is 2.2.220.
2025-02-01 00:37:26,956 &amp#27;[34mINFO &amp#27;[0;39m [&amp#27;[34mmain&amp#27;[0;39m] &amp#27;[33mo.f.c.i.l.s.Slf4jLog&amp#27;[0;39m: Schema history table "PUBLIC"."flyway_schema_history" does not exist yet
2025-02-01 00:37:26,958 &amp#27;[34mINFO &amp#27;[0;39m [&amp#27;[34mmain&amp#27;[0;39m] &amp#27;[33mo.f.c.i.l.s.Slf4jLog&amp#27;[0;39m: Successfully validated 4 migrations (execution time 00:00.018s)
2025-02-01 00:37:26,968 &amp#27;[34mINFO &amp#27;[0;39m [&amp#27;[34mmain&amp#27;[0;39m] &amp#27;[33mo.f.c.i.l.s.Slf4jLog&amp#27;[0;39m: Creating Schema History table "PUBLIC"."flyway_schema_history" ...
2025-02-01 00:37:27,005 &amp#27;[34mINFO &amp#27;[0;39m [&amp#27;[34mmain&amp#27;[0;39m] &amp#27;[33mo.f.c.i.l.s.Slf4jLog&amp#27;[0;39m: Current version of schema "PUBLIC": << Empty Schema >>
2025-02-01 00:37:27,012 &amp#27;[34mINFO &amp#27;[0;39m [&amp#27;[34mmain&amp#27;[0;39m] &amp#27;[33mo.f.c.i.l.s.Slf4jLog&amp#27;[0;39m: Migrating schema "PUBLIC" to version "1 - create users table"
2025-02-01 00:37:27,037 &amp#27;[34mINFO &amp#27;[0;39m [&amp#27;[34mmain&amp#27;[0;39m] &amp#27;[33mo.f.c.i.l.s.Slf4jLog&amp#27;[0;39m: Migrating schema "PUBLIC" to version "2 - create blog posts table"
2025-02-01 00:37:27,060 &amp#27;[34mINFO &amp#27;[0;39m [&amp#27;[34mmain&amp#27;[0;39m] &amp#27;[33mo.f.c.i.l.s.Slf4jLog&amp#27;[0;39m: Migrating schema "PUBLIC" to version "3 - create blog articles table"
2025-02-01 00:37:27,068 &amp#27;[34mINFO &amp#27;[0;39m [&amp#27;[34mmain&amp#27;[0;39m] &amp#27;[33mo.f.c.i.l.s.Slf4jLog&amp#27;[0;39m: Migrating schema "PUBLIC" to version "4 - add role to users"
2025-02-01 00:37:27,087 &amp#27;[34mINFO &amp#27;[0;39m [&amp#27;[34mmain&amp#27;[0;39m] &amp#27;[33mo.f.c.i.l.s.Slf4jLog&amp#27;[0;39m: Successfully applied 4 migrations to schema "PUBLIC", now at version v4 (execution time 00:00.043s)
2025-02-01 00:37:27,091 &amp#27;[39mDEBUG&amp#27;[0;39m [&amp#27;[34mmain&amp#27;[0;39m] &amp#27;[33mo.s.b.f.s.DefaultSingletonBeanRegistry&amp#27;[0;39m: Creating shared instance of singleton bean 'dataSourceScriptDatabaseInitializer'
2025-02-01 00:37:27,091 &amp#27;[39mDEBUG&amp#27;[0;39m [&amp#27;[34mmain&amp#27;[0;39m] &amp#27;[33mo.s.b.f.s.DefaultSingletonBeanRegistry&amp#27;[0;39m: Creating shared instance of singleton bean 'org.springframework.boot.autoconfigure.sql.init.DataSourceInitializationConfiguration'
2025-02-01 00:37:27,091 &amp#27;[39mDEBUG&amp#27;[0;39m [&amp#27;[34mmain&amp#27;[0;39m] &amp#27;[33mo.s.b.f.s.DefaultSingletonBeanRegistry&amp#27;[0;39m: Creating shared instance of singleton bean 'spring.sql.init-org.springframework.boot.autoconfigure.sql.init.SqlInitializationProperties'
2025-02-01 00:37:27,101 &amp#27;[39mDEBUG&amp#27;[0;39m [&amp#27;[34mmain&amp#27;[0;39m] &amp#27;[33mo.s.b.f.s.ConstructorResolver&amp#27;[0;39m: Autowiring by type from bean name 'dataSourceScriptDatabaseInitializer' via factory method to bean named 'dataSource'
2025-02-01 00:37:27,101 &amp#27;[39mDEBUG&amp#27;[0;39m [&amp#27;[34mmain&amp#27;[0;39m] &amp#27;[33mo.s.b.f.s.ConstructorResolver&amp#27;[0;39m: Autowiring by type from bean name 'dataSourceScriptDatabaseInitializer' via factory method to bean named 'spring.sql.init-org.springframework.boot.autoconfigure.sql.init.SqlInitializationProperties'
2025-02-01 00:37:27,108 &amp#27;[39mDEBUG&amp#27;[0;39m [&amp#27;[34mmain&amp#27;[0;39m] &amp#27;[33mo.s.b.f.s.DefaultSingletonBeanRegistry&amp#27;[0;39m: Creating shared instance of singleton bean 'entityManagerFactory'
2025-02-01 00:37:27,110 &amp#27;[39mDEBUG&amp#27;[0;39m [&amp#27;[34mmain&amp#27;[0;39m] &amp#27;[33mo.s.b.f.s.DefaultSingletonBeanRegistry&amp#27;[0;39m: Creating shared instance of singleton bean 'org.springframework.boot.autoconfigure.orm.jpa.HibernateJpaConfiguration'
2025-02-01 00:37:27,110 &amp#27;[39mDEBUG&amp#27;[0;39m [&amp#27;[34mmain&amp#27;[0;39m] &amp#27;[33mo.s.b.f.s.DefaultSingletonBeanRegistry&amp#27;[0;39m: Creating shared instance of singleton bean 'spring.jpa-org.springframework.boot.autoconfigure.orm.jpa.JpaProperties'
2025-02-01 00:37:27,117 &amp#27;[39mDEBUG&amp#27;[0;39m [&amp#27;[34mmain&amp#27;[0;39m] &amp#27;[33mo.s.b.f.s.DefaultSingletonBeanRegistry&amp#27;[0;39m: Creating shared instance of singleton bean 'spring.jpa.hibernate-org.springframework.boot.autoconfigure.orm.jpa.HibernateProperties'
2025-02-01 00:37:27,118 &amp#27;[39mDEBUG&amp#27;[0;39m [&amp#27;[34mmain&amp#27;[0;39m] &amp#27;[33mo.s.b.f.s.ConstructorResolver&amp#27;[0;39m: Autowiring by type from bean name 'org.springframework.boot.autoconfigure.orm.jpa.HibernateJpaConfiguration' via constructor to bean named 'dataSource'
2025-02-01 00:37:27,118 &amp#27;[39mDEBUG&amp#27;[0;39m [&amp#27;[34mmain&amp#27;[0;39m] &amp#27;[33mo.s.b.f.s.ConstructorResolver&amp#27;[0;39m: Autowiring by type from bean name 'org.springframework.boot.autoconfigure.orm.jpa.HibernateJpaConfiguration' via constructor to bean named 'spring.jpa-org.springframework.boot.autoconfigure.orm.jpa.JpaProperties'
2025-02-01 00:37:27,118 &amp#27;[39mDEBUG&amp#27;[0;39m [&amp#27;[34mmain&amp#27;[0;39m] &amp#27;[33mo.s.b.f.s.ConstructorResolver&amp#27;[0;39m: Autowiring by type from bean name 'org.springframework.boot.autoconfigure.orm.jpa.HibernateJpaConfiguration' via constructor to bean named 'org.springframework.beans.factory.support.DefaultListableBeanFactory@6e91893'
2025-02-01 00:37:27,118 &amp#27;[39mDEBUG&amp#27;[0;39m [&amp#27;[34mmain&amp#27;[0;39m] &amp#27;[33mo.s.b.f.s.ConstructorResolver&amp#27;[0;39m: Autowiring by type from bean name 'org.springframework.boot.autoconfigure.orm.jpa.HibernateJpaConfiguration' via constructor to bean named 'spring.jpa.hibernate-org.springframework.boot.autoconfigure.orm.jpa.HibernateProperties'
2025-02-01 00:37:27,124 &amp#27;[39mDEBUG&amp#27;[0;39m [&amp#27;[34mmain&amp#27;[0;39m] &amp#27;[33mo.s.b.f.s.DefaultSingletonBeanRegistry&amp#27;[0;39m: Creating shared instance of singleton bean 'hikariPoolDataSourceMetadataProvider'
2025-02-01 00:37:27,124 &amp#27;[39mDEBUG&amp#27;[0;39m [&amp#27;[34mmain&amp#27;[0;39m] &amp#27;[33mo.s.b.f.s.DefaultSingletonBeanRegistry&amp#27;[0;39m: Creating shared instance of singleton bean 'org.springframework.boot.autoconfigure.jdbc.metadata.DataSourcePoolMetadataProvidersConfiguration$HikariPoolDataSourceMetadataProviderConfiguration'
2025-02-01 00:37:27,128 &amp#27;[39mDEBUG&amp#27;[0;39m [&amp#27;[34mmain&amp#27;[0;39m] &amp#27;[33mo.s.b.f.s.DefaultSingletonBeanRegistry&amp#27;[0;39m: Creating shared instance of singleton bean 'entityManagerFactoryBuilder'
2025-02-01 00:37:27,128 &amp#27;[39mDEBUG&amp#27;[0;39m [&amp#27;[34mmain&amp#27;[0;39m] &amp#27;[33mo.s.b.f.s.DefaultSingletonBeanRegistry&amp#27;[0;39m: Creating shared instance of singleton bean 'jpaVendorAdapter'
2025-02-01 00:37:27,149 &amp#27;[39mDEBUG&amp#27;[0;39m [&amp#27;[34mmain&amp#27;[0;39m] &amp#27;[33mo.s.b.f.s.ConstructorResolver&amp#27;[0;39m: Autowiring by type from bean name 'entityManagerFactoryBuilder' via factory method to bean named 'jpaVendorAdapter'
2025-02-01 00:37:27,155 &amp#27;[39mDEBUG&amp#27;[0;39m [&amp#27;[34mmain&amp#27;[0;39m] &amp#27;[33mo.s.b.f.s.DefaultSingletonBeanRegistry&amp#27;[0;39m: Creating shared instance of singleton bean 'persistenceManagedTypes'
2025-02-01 00:37:27,155 &amp#27;[39mDEBUG&amp#27;[0;39m [&amp#27;[34mmain&amp#27;[0;39m] &amp#27;[33mo.s.b.f.s.ConstructorResolver&amp#27;[0;39m: Autowiring by type from bean name 'persistenceManagedTypes' via factory method to bean named 'org.springframework.beans.factory.support.DefaultListableBeanFactory@6e91893'
2025-02-01 00:37:27,155 &amp#27;[39mDEBUG&amp#27;[0;39m [&amp#27;[34mmain&amp#27;[0;39m] &amp#27;[33mo.s.b.f.s.ConstructorResolver&amp#27;[0;39m: Autowiring by type from bean name 'persistenceManagedTypes' via factory method to bean named 'org.springframework.web.context.support.GenericWebApplicationContext@332f25c8'
2025-02-01 00:37:27,168 &amp#27;[39mDEBUG&amp#27;[0;39m [&amp#27;[34mmain&amp#27;[0;39m] &amp#27;[33mo.s.b.f.s.ConstructorResolver&amp#27;[0;39m: Autowiring by type from bean name 'entityManagerFactory' via factory method to bean named 'entityManagerFactoryBuilder'
2025-02-01 00:37:27,169 &amp#27;[39mDEBUG&amp#27;[0;39m [&amp#27;[34mmain&amp#27;[0;39m] &amp#27;[33mo.s.b.f.s.ConstructorResolver&amp#27;[0;39m: Autowiring by type from bean name 'entityManagerFactory' via factory method to bean named 'persistenceManagedTypes'
2025-02-01 00:37:27,191 &amp#27;[39mDEBUG&amp#27;[0;39m [&amp#27;[34mmain&amp#27;[0;39m] &amp#27;[33mo.s.o.j.LocalContainerEntityManagerFactoryBean&amp#27;[0;39m: Building JPA container EntityManagerFactory for persistence unit 'default'
2025-02-01 00:37:27,215 &amp#27;[34mINFO &amp#27;[0;39m [&amp#27;[34mmain&amp#27;[0;39m] &amp#27;[33mo.h.j.i.u.LogHelper&amp#27;[0;39m: HHH000204: Processing PersistenceUnitInfo [name: default]
2025-02-01 00:37:27,286 &amp#27;[34mINFO &amp#27;[0;39m [&amp#27;[34mmain&amp#27;[0;39m] &amp#27;[33mo.h.Version&amp#27;[0;39m: HHH000412: Hibernate ORM core version 6.4.1.Final
2025-02-01 00:37:27,324 &amp#27;[34mINFO &amp#27;[0;39m [&amp#27;[34mmain&amp#27;[0;39m] &amp#27;[33mo.h.c.i.RegionFactoryInitiator&amp#27;[0;39m: HHH000026: Second-level cache disabled
2025-02-01 00:37:27,641 &amp#27;[34mINFO &amp#27;[0;39m [&amp#27;[34mmain&amp#27;[0;39m] &amp#27;[33mo.s.o.j.p.SpringPersistenceUnitInfo&amp#27;[0;39m: No LoadTimeWeaver setup: ignoring JPA class transformer
2025-02-01 00:37:27,708 &amp#27;[31mWARN &amp#27;[0;39m [&amp#27;[34mmain&amp#27;[0;39m] &amp#27;[33mo.h.e.j.d.i.DialectFactoryImpl&amp#27;[0;39m: HHH90000025: H2Dialect does not need to be specified explicitly using 'hibernate.dialect' (remove the property setting and it will be selected by default)
2025-02-01 00:37:28,718 &amp#27;[34mINFO &amp#27;[0;39m [&amp#27;[34mmain&amp#27;[0;39m] &amp#27;[33mo.h.e.t.j.p.i.JtaPlatformInitiator&amp#27;[0;39m: HHH000489: No JTA platform available (set 'hibernate.transaction.jta.platform' to enable JTA platform integration)
2025-02-01 00:37:28,724 &amp#27;[39mDEBUG&amp#27;[0;39m [&amp#27;[34mmain&amp#27;[0;39m] &amp#27;[33mo.h.e.j.s.SqlStatementLogger&amp#27;[0;39m: 
    drop table if exists blog_articles cascade 
Hibernate: 
    drop table if exists blog_articles cascade 
2025-02-01 00:37:28,724 &amp#27;[39mDEBUG&amp#27;[0;39m [&amp#27;[34mmain&amp#27;[0;39m] &amp#27;[33mo.h.e.j.s.SqlStatementLogger&amp#27;[0;39m: 
    drop table if exists posts cascade 
Hibernate: 
    drop table if exists posts cascade 
2025-02-01 00:37:28,724 &amp#27;[39mDEBUG&amp#27;[0;39m [&amp#27;[34mmain&amp#27;[0;39m] &amp#27;[33mo.h.e.j.s.SqlStatementLogger&amp#27;[0;39m: 
    drop table if exists user_roles cascade 
Hibernate: 
    drop table if exists user_roles cascade 
2025-02-01 00:37:28,724 &amp#27;[39mDEBUG&amp#27;[0;39m [&amp#27;[34mmain&amp#27;[0;39m] &amp#27;[33mo.h.e.j.s.SqlStatementLogger&amp#27;[0;39m: 
    drop table if exists users cascade 
Hibernate: 
    drop table if exists users cascade 
2025-02-01 00:37:28,737 &amp#27;[39mDEBUG&amp#27;[0;39m [&amp#27;[34mmain&amp#27;[0;39m] &amp#27;[33mo.h.e.j.s.SqlStatementLogger&amp#27;[0;39m: 
    create table blog_articles (
        created_at timestamp(6),
        id bigint generated by default as identity,
        user_id bigint not null,
        title varchar(255) not null,
        content clob not null,
        primary key (id)
    )
Hibernate: 
    create table blog_articles (
        created_at timestamp(6),
        id bigint generated by default as identity,
        user_id bigint not null,
        title varchar(255) not null,
        content clob not null,
        primary key (id)
    )
2025-02-01 00:37:28,738 &amp#27;[39mDEBUG&amp#27;[0;39m [&amp#27;[34mmain&amp#27;[0;39m] &amp#27;[33mo.h.e.j.s.SqlStatementLogger&amp#27;[0;39m: 
    create table posts (
        created_at timestamp(6),
        id bigint generated by default as identity,
        updated_at timestamp(6),
        user_id bigint not null,
        title varchar(100),
        content TEXT,
        primary key (id)
    )
Hibernate: 
    create table posts (
        created_at timestamp(6),
        id bigint generated by default as identity,
        updated_at timestamp(6),
        user_id bigint not null,
        title varchar(100),
        content TEXT,
        primary key (id)
    )
2025-02-01 00:37:28,739 &amp#27;[39mDEBUG&amp#27;[0;39m [&amp#27;[34mmain&amp#27;[0;39m] &amp#27;[33mo.h.e.j.s.SqlStatementLogger&amp#27;[0;39m: 
    create table user_roles (
        user_id bigint not null,
        roles varchar(255)
    )
Hibernate: 
    create table user_roles (
        user_id bigint not null,
        roles varchar(255)
    )
2025-02-01 00:37:28,740 &amp#27;[39mDEBUG&amp#27;[0;39m [&amp#27;[34mmain&amp#27;[0;39m] &amp#27;[33mo.h.e.j.s.SqlStatementLogger&amp#27;[0;39m: 
    create table users (
        id bigint generated by default as identity,
        email varchar(255) not null unique,
        password varchar(255) not null,
        username varchar(255) not null unique,
        primary key (id)
    )
Hibernate: 
    create table users (
        id bigint generated by default as identity,
        email varchar(255) not null unique,
        password varchar(255) not null,
        username varchar(255) not null unique,
        primary key (id)
    )
2025-02-01 00:37:28,740 &amp#27;[39mDEBUG&amp#27;[0;39m [&amp#27;[34mmain&amp#27;[0;39m] &amp#27;[33mo.h.e.j.s.SqlStatementLogger&amp#27;[0;39m: 
    alter table if exists blog_articles 
       add constraint FKbp56adii4bwxkdmxca91r2f0n 
       foreign key (user_id) 
       references users
Hibernate: 
    alter table if exists blog_articles 
       add constraint FKbp56adii4bwxkdmxca91r2f0n 
       foreign key (user_id) 
       references users
2025-02-01 00:37:28,740 &amp#27;[39mDEBUG&amp#27;[0;39m [&amp#27;[34mmain&amp#27;[0;39m] &amp#27;[33mo.h.e.j.s.SqlStatementLogger&amp#27;[0;39m: 
    alter table if exists posts 
       add constraint FK5lidm6cqbc7u4xhqpxm898qme 
       foreign key (user_id) 
       references users
Hibernate: 
    alter table if exists posts 
       add constraint FK5lidm6cqbc7u4xhqpxm898qme 
       foreign key (user_id) 
       references users
2025-02-01 00:37:28,740 &amp#27;[39mDEBUG&amp#27;[0;39m [&amp#27;[34mmain&amp#27;[0;39m] &amp#27;[33mo.h.e.j.s.SqlStatementLogger&amp#27;[0;39m: 
    alter table if exists user_roles 
       add constraint FKhfh9dx7w3ubf1co1vdev94g3f 
       foreign key (user_id) 
       references users
Hibernate: 
    alter table if exists user_roles 
       add constraint FKhfh9dx7w3ubf1co1vdev94g3f 
       foreign key (user_id) 
       references users
2025-02-01 00:37:28,747 &amp#27;[34mINFO &amp#27;[0;39m [&amp#27;[34mmain&amp#27;[0;39m] &amp#27;[33mo.s.o.j.AbstractEntityManagerFactoryBean&amp#27;[0;39m: Initialized JPA EntityManagerFactory for persistence unit 'default'
2025-02-01 00:37:28,755 &amp#27;[39mDEBUG&amp#27;[0;39m [&amp#27;[34mmain&amp#27;[0;39m] &amp#27;[33mo.s.b.f.s.DefaultSingletonBeanRegistry&amp#27;[0;39m: Creating shared instance of singleton bean 'secureBlogApplication'
2025-02-01 00:37:28,759 &amp#27;[39mDEBUG&amp#27;[0;39m [&amp#27;[34mmain&amp#27;[0;39m] &amp#27;[33mo.s.b.f.s.DefaultSingletonBeanRegistry&amp#27;[0;39m: Creating shared instance of singleton bean 'securityLoggingAspect'
2025-02-01 00:37:28,760 &amp#27;[39mDEBUG&amp#27;[0;39m [&amp#27;[34mmain&amp#27;[0;39m] &amp#27;[33mo.s.b.f.s.DefaultSingletonBeanRegistry&amp#27;[0;39m: Creating shared instance of singleton bean 'securityConfig'
2025-02-01 00:37:28,761 &amp#27;[39mDEBUG&amp#27;[0;39m [&amp#27;[34mmain&amp#27;[0;39m] &amp#27;[33mo.s.b.f.s.DefaultSingletonBeanRegistry&amp#27;[0;39m: Creating shared instance of singleton bean 'authController'
2025-02-01 00:37:28,765 &amp#27;[39mDEBUG&amp#27;[0;39m [&amp#27;[34mmain&amp#27;[0;39m] &amp#27;[33mo.s.b.f.s.DefaultSingletonBeanRegistry&amp#27;[0;39m: Creating shared instance of singleton bean 'userRepository'
2025-02-01 00:37:28,774 &amp#27;[39mDEBUG&amp#27;[0;39m [&amp#27;[34mmain&amp#27;[0;39m] &amp#27;[33mo.s.b.f.s.DefaultSingletonBeanRegistry&amp#27;[0;39m: Creating shared instance of singleton bean 'jpa.named-queries#1'
2025-02-01 00:37:28,778 &amp#27;[39mDEBUG&amp#27;[0;39m [&amp#27;[34mmain&amp#27;[0;39m] &amp#27;[33mo.s.b.f.s.DefaultSingletonBeanRegistry&amp#27;[0;39m: Creating shared instance of singleton bean 'jpa.UserRepository.fragments#0'
2025-02-01 00:37:28,787 &amp#27;[39mDEBUG&amp#27;[0;39m [&amp#27;[34mmain&amp#27;[0;39m] &amp#27;[33mo.s.b.f.s.DefaultSingletonBeanRegistry&amp#27;[0;39m: Creating shared instance of singleton bean 'jpaSharedEM_entityManagerFactory'
2025-02-01 00:37:28,839 &amp#27;[39mDEBUG&amp#27;[0;39m [&amp#27;[34mmain&amp#27;[0;39m] &amp#27;[33mo.s.b.f.s.DefaultSingletonBeanRegistry&amp#27;[0;39m: Creating shared instance of singleton bean 'jpaMappingContext'
2025-02-01 00:37:28,841 &amp#27;[39mDEBUG&amp#27;[0;39m [&amp#27;[34mmain&amp#27;[0;39m] &amp#27;[33mo.s.d.j.r.c.JpaMetamodelMappingContextFactoryBean&amp#27;[0;39m: Initializing JpaMetamodelMappingContext…
2025-02-01 00:37:28,858 &amp#27;[39mDEBUG&amp#27;[0;39m [&amp#27;[34mmain&amp#27;[0;39m] &amp#27;[33mo.s.d.j.r.c.JpaMetamodelMappingContextFactoryBean&amp#27;[0;39m: Finished initializing JpaMetamodelMappingContext
2025-02-01 00:37:28,903 &amp#27;[39mDEBUG&amp#27;[0;39m [&amp#27;[34mmain&amp#27;[0;39m] &amp#27;[33mo.s.o.j.SharedEntityManagerCreator$SharedEntityManagerInvocationHandler&amp#27;[0;39m: Creating new EntityManager for shared EntityManager invocation
2025-02-01 00:37:28,951 &amp#27;[39mDEBUG&amp#27;[0;39m [&amp#27;[34mmain&amp#27;[0;39m] &amp#27;[33mo.s.o.j.SharedEntityManagerCreator$SharedEntityManagerInvocationHandler&amp#27;[0;39m: Creating new EntityManager for shared EntityManager invocation
2025-02-01 00:37:29,006 &amp#27;[39mDEBUG&amp#27;[0;39m [&amp#27;[34mmain&amp#27;[0;39m] &amp#27;[33mo.s.d.r.c.s.RepositoryFactorySupport&amp#27;[0;39m: Initializing repository instance for com.example.secureblog.repository.UserRepository…
2025-02-01 00:37:29,024 &amp#27;[39mDEBUG&amp#27;[0;39m [&amp#27;[34mmain&amp#27;[0;39m] &amp#27;[33mo.s.o.j.SharedEntityManagerCreator$SharedEntityManagerInvocationHandler&amp#27;[0;39m: Creating new EntityManager for shared EntityManager invocation
2025-02-01 00:37:29,124 &amp#27;[39mDEBUG&amp#27;[0;39m [&amp#27;[34mmain&amp#27;[0;39m] &amp#27;[33mo.s.d.j.r.q.NamedQuery&amp#27;[0;39m: Looking up named query User.existsByUsername
2025-02-01 00:37:29,124 &amp#27;[39mDEBUG&amp#27;[0;39m [&amp#27;[34mmain&amp#27;[0;39m] &amp#27;[33mo.s.d.j.r.q.NamedQuery&amp#27;[0;39m: Did not find named query User.existsByUsername
2025-02-01 00:37:29,129 &amp#27;[39mDEBUG&amp#27;[0;39m [&amp#27;[34mmain&amp#27;[0;39m] &amp#27;[33mo.s.o.j.SharedEntityManagerCreator$SharedEntityManagerInvocationHandler&amp#27;[0;39m: Creating new EntityManager for shared EntityManager invocation
2025-02-01 00:37:29,209 &amp#27;[39mDEBUG&amp#27;[0;39m [&amp#27;[34mmain&amp#27;[0;39m] &amp#27;[33mo.s.d.j.r.q.NamedQuery&amp#27;[0;39m: Looking up named query User.existsByEmail
2025-02-01 00:37:29,210 &amp#27;[39mDEBUG&amp#27;[0;39m [&amp#27;[34mmain&amp#27;[0;39m] &amp#27;[33mo.s.d.j.r.q.NamedQuery&amp#27;[0;39m: Did not find named query User.existsByEmail
2025-02-01 00:37:29,210 &amp#27;[39mDEBUG&amp#27;[0;39m [&amp#27;[34mmain&amp#27;[0;39m] &amp#27;[33mo.s.o.j.SharedEntityManagerCreator$SharedEntityManagerInvocationHandler&amp#27;[0;39m: Creating new EntityManager for shared EntityManager invocation
2025-02-01 00:37:29,212 &amp#27;[39mDEBUG&amp#27;[0;39m [&amp#27;[34mmain&amp#27;[0;39m] &amp#27;[33mo.s.d.j.r.q.NamedQuery&amp#27;[0;39m: Looking up named query User.findByUsername
2025-02-01 00:37:29,212 &amp#27;[39mDEBUG&amp#27;[0;39m [&amp#27;[34mmain&amp#27;[0;39m] &amp#27;[33mo.s.d.j.r.q.NamedQuery&amp#27;[0;39m: Did not find named query User.findByUsername
2025-02-01 00:37:29,214 &amp#27;[39mDEBUG&amp#27;[0;39m [&amp#27;[34mmain&amp#27;[0;39m] &amp#27;[33mo.s.o.j.SharedEntityManagerCreator$SharedEntityManagerInvocationHandler&amp#27;[0;39m: Creating new EntityManager for shared EntityManager invocation
2025-02-01 00:37:29,218 &amp#27;[39mDEBUG&amp#27;[0;39m [&amp#27;[34mmain&amp#27;[0;39m] &amp#27;[33mo.s.d.r.c.s.RepositoryFactorySupport&amp#27;[0;39m: Finished creation of repository instance for com.example.secureblog.repository.UserRepository.
2025-02-01 00:37:29,224 &amp#27;[39mDEBUG&amp#27;[0;39m [&amp#27;[34mmain&amp#27;[0;39m] &amp#27;[33mo.s.b.f.s.DefaultSingletonBeanRegistry&amp#27;[0;39m: Creating shared instance of singleton bean 'passwordEncoder'
2025-02-01 00:37:29,224 &amp#27;[39mDEBUG&amp#27;[0;39m [&amp#27;[34mmain&amp#27;[0;39m] &amp#27;[33mo.s.b.f.s.ConstructorResolver&amp#27;[0;39m: Autowiring by type from bean name 'authController' via constructor to bean named 'userRepository'
2025-02-01 00:37:29,224 &amp#27;[39mDEBUG&amp#27;[0;39m [&amp#27;[34mmain&amp#27;[0;39m] &amp#27;[33mo.s.b.f.s.ConstructorResolver&amp#27;[0;39m: Autowiring by type from bean name 'authController' via constructor to bean named 'passwordEncoder'
2025-02-01 00:37:29,234 &amp#27;[39mDEBUG&amp#27;[0;39m [&amp#27;[34mmain&amp#27;[0;39m] &amp#27;[33mo.s.b.f.s.DefaultSingletonBeanRegistry&amp#27;[0;39m: Creating shared instance of singleton bean 'blogArticleController'
2025-02-01 00:37:29,238 &amp#27;[39mDEBUG&amp#27;[0;39m [&amp#27;[34mmain&amp#27;[0;39m] &amp#27;[33mo.s.b.f.s.DefaultSingletonBeanRegistry&amp#27;[0;39m: Creating shared instance of singleton bean 'blogArticleService'
2025-02-01 00:37:29,239 &amp#27;[39mDEBUG&amp#27;[0;39m [&amp#27;[34mmain&amp#27;[0;39m] &amp#27;[33mo.s.b.f.s.DefaultSingletonBeanRegistry&amp#27;[0;39m: Creating shared instance of singleton bean 'blogArticleRepository'
2025-02-01 00:37:29,240 &amp#27;[39mDEBUG&amp#27;[0;39m [&amp#27;[34mmain&amp#27;[0;39m] &amp#27;[33mo.s.b.f.s.DefaultSingletonBeanRegistry&amp#27;[0;39m: Creating shared instance of singleton bean 'jpa.named-queries#0'
2025-02-01 00:37:29,240 &amp#27;[39mDEBUG&amp#27;[0;39m [&amp#27;[34mmain&amp#27;[0;39m] &amp#27;[33mo.s.b.f.s.DefaultSingletonBeanRegistry&amp#27;[0;39m: Creating shared instance of singleton bean 'jpa.BlogArticleRepository.fragments#0'
2025-02-01 00:37:29,240 &amp#27;[39mDEBUG&amp#27;[0;39m [&amp#27;[34mmain&amp#27;[0;39m] &amp#27;[33mo.s.o.j.SharedEntityManagerCreator$SharedEntityManagerInvocationHandler&amp#27;[0;39m: Creating new EntityManager for shared EntityManager invocation
2025-02-01 00:37:29,252 &amp#27;[39mDEBUG&amp#27;[0;39m [&amp#27;[34mmain&amp#27;[0;39m] &amp#27;[33mo.s.d.r.c.s.RepositoryFactorySupport&amp#27;[0;39m: Initializing repository instance for com.example.secureblog.repository.BlogArticleRepository…
2025-02-01 00:37:29,254 &amp#27;[39mDEBUG&amp#27;[0;39m [&amp#27;[34mmain&amp#27;[0;39m] &amp#27;[33mo.s.o.j.SharedEntityManagerCreator$SharedEntityManagerInvocationHandler&amp#27;[0;39m: Creating new EntityManager for shared EntityManager invocation
2025-02-01 00:37:29,275 &amp#27;[39mDEBUG&amp#27;[0;39m [&amp#27;[34mmain&amp#27;[0;39m] &amp#27;[33mo.s.d.j.r.q.NamedQuery&amp#27;[0;39m: Looking up named query BlogArticle.findByUserId
2025-02-01 00:37:29,275 &amp#27;[39mDEBUG&amp#27;[0;39m [&amp#27;[34mmain&amp#27;[0;39m] &amp#27;[33mo.s.d.j.r.q.NamedQuery&amp#27;[0;39m: Did not find named query BlogArticle.findByUserId
2025-02-01 00:37:29,275 &amp#27;[39mDEBUG&amp#27;[0;39m [&amp#27;[34mmain&amp#27;[0;39m] &amp#27;[33mo.s.o.j.SharedEntityManagerCreator$SharedEntityManagerInvocationHandler&amp#27;[0;39m: Creating new EntityManager for shared EntityManager invocation
2025-02-01 00:37:29,291 &amp#27;[39mDEBUG&amp#27;[0;39m [&amp#27;[34mmain&amp#27;[0;39m] &amp#27;[33mo.s.d.r.c.s.RepositoryFactorySupport&amp#27;[0;39m: Finished creation of repository instance for com.example.secureblog.repository.BlogArticleRepository.
2025-02-01 00:37:29,291 &amp#27;[39mDEBUG&amp#27;[0;39m [&amp#27;[34mmain&amp#27;[0;39m] &amp#27;[33mo.s.b.f.s.ConstructorResolver&amp#27;[0;39m: Autowiring by type from bean name 'blogArticleService' via constructor to bean named 'blogArticleRepository'
2025-02-01 00:37:29,291 &amp#27;[39mDEBUG&amp#27;[0;39m [&amp#27;[34mmain&amp#27;[0;39m] &amp#27;[33mo.s.b.f.s.ConstructorResolver&amp#27;[0;39m: Autowiring by type from bean name 'blogArticleService' via constructor to bean named 'userRepository'
2025-02-01 00:37:29,291 &amp#27;[39mDEBUG&amp#27;[0;39m [&amp#27;[34mmain&amp#27;[0;39m] &amp#27;[33mo.s.b.f.s.ConstructorResolver&amp#27;[0;39m: Autowiring by type from bean name 'blogArticleController' via constructor to bean named 'blogArticleService'
2025-02-01 00:37:29,321 &amp#27;[39mDEBUG&amp#27;[0;39m [&amp#27;[34mmain&amp#27;[0;39m] &amp#27;[33mo.s.b.f.s.DefaultSingletonBeanRegistry&amp#27;[0;39m: Creating shared instance of singleton bean 'postController'
2025-02-01 00:37:29,324 &amp#27;[39mDEBUG&amp#27;[0;39m [&amp#27;[34mmain&amp#27;[0;39m] &amp#27;[33mo.s.b.f.s.DefaultSingletonBeanRegistry&amp#27;[0;39m: Creating shared instance of singleton bean 'postService'
2025-02-01 00:37:29,324 &amp#27;[39mDEBUG&amp#27;[0;39m [&amp#27;[34mmain&amp#27;[0;39m] &amp#27;[33mo.s.b.f.s.DefaultSingletonBeanRegistry&amp#27;[0;39m: Creating shared instance of singleton bean 'postRepository'
2025-02-01 00:37:29,328 &amp#27;[39mDEBUG&amp#27;[0;39m [&amp#27;[34mmain&amp#27;[0;39m] &amp#27;[33mo.s.b.f.s.DefaultSingletonBeanRegistry&amp#27;[0;39m: Creating shared instance of singleton bean 'jpa.named-queries#2'
2025-02-01 00:37:29,328 &amp#27;[39mDEBUG&amp#27;[0;39m [&amp#27;[34mmain&amp#27;[0;39m] &amp#27;[33mo.s.b.f.s.DefaultSingletonBeanRegistry&amp#27;[0;39m: Creating shared instance of singleton bean 'jpa.PostRepository.fragments#0'
2025-02-01 00:37:29,328 &amp#27;[39mDEBUG&amp#27;[0;39m [&amp#27;[34mmain&amp#27;[0;39m] &amp#27;[33mo.s.o.j.SharedEntityManagerCreator$SharedEntityManagerInvocationHandler&amp#27;[0;39m: Creating new EntityManager for shared EntityManager invocation
2025-02-01 00:37:29,333 &amp#27;[39mDEBUG&amp#27;[0;39m [&amp#27;[34mmain&amp#27;[0;39m] &amp#27;[33mo.s.d.r.c.s.RepositoryFactorySupport&amp#27;[0;39m: Initializing repository instance for com.example.secureblog.repository.PostRepository…
2025-02-01 00:37:29,338 &amp#27;[39mDEBUG&amp#27;[0;39m [&amp#27;[34mmain&amp#27;[0;39m] &amp#27;[33mo.s.o.j.SharedEntityManagerCreator$SharedEntityManagerInvocationHandler&amp#27;[0;39m: Creating new EntityManager for shared EntityManager invocation
2025-02-01 00:37:29,356 &amp#27;[39mDEBUG&amp#27;[0;39m [&amp#27;[34mmain&amp#27;[0;39m] &amp#27;[33mo.s.d.j.r.q.NamedQuery&amp#27;[0;39m: Looking up named query Post.findByUserId
2025-02-01 00:37:29,356 &amp#27;[39mDEBUG&amp#27;[0;39m [&amp#27;[34mmain&amp#27;[0;39m] &amp#27;[33mo.s.d.j.r.q.NamedQuery&amp#27;[0;39m: Did not find named query Post.findByUserId
2025-02-01 00:37:29,356 &amp#27;[39mDEBUG&amp#27;[0;39m [&amp#27;[34mmain&amp#27;[0;39m] &amp#27;[33mo.s.o.j.SharedEntityManagerCreator$SharedEntityManagerInvocationHandler&amp#27;[0;39m: Creating new EntityManager for shared EntityManager invocation
2025-02-01 00:37:29,358 &amp#27;[39mDEBUG&amp#27;[0;39m [&amp#27;[34mmain&amp#27;[0;39m] &amp#27;[33mo.s.d.j.r.q.NamedQuery&amp#27;[0;39m: Looking up named query Post.findByUser
2025-02-01 00:37:29,358 &amp#27;[39mDEBUG&amp#27;[0;39m [&amp#27;[34mmain&amp#27;[0;39m] &amp#27;[33mo.s.d.j.r.q.NamedQuery&amp#27;[0;39m: Did not find named query Post.findByUser
2025-02-01 00:37:29,360 &amp#27;[39mDEBUG&amp#27;[0;39m [&amp#27;[34mmain&amp#27;[0;39m] &amp#27;[33mo.s.o.j.SharedEntityManagerCreator$SharedEntityManagerInvocationHandler&amp#27;[0;39m: Creating new EntityManager for shared EntityManager invocation
2025-02-01 00:37:29,366 &amp#27;[39mDEBUG&amp#27;[0;39m [&amp#27;[34mmain&amp#27;[0;39m] &amp#27;[33mo.s.d.r.c.s.RepositoryFactorySupport&amp#27;[0;39m: Finished creation of repository instance for com.example.secureblog.repository.PostRepository.
2025-02-01 00:37:29,368 &amp#27;[39mDEBUG&amp#27;[0;39m [&amp#27;[34mmain&amp#27;[0;39m] &amp#27;[33mo.s.b.f.s.ConstructorResolver&amp#27;[0;39m: Autowiring by type from bean name 'postService' via constructor to bean named 'postRepository'
2025-02-01 00:37:29,370 &amp#27;[39mDEBUG&amp#27;[0;39m [&amp#27;[34mmain&amp#27;[0;39m] &amp#27;[33mo.s.b.f.s.ConstructorResolver&amp#27;[0;39m: Autowiring by type from bean name 'postService' via constructor to bean named 'userRepository'
2025-02-01 00:37:29,380 &amp#27;[39mDEBUG&amp#27;[0;39m [&amp#27;[34mmain&amp#27;[0;39m] &amp#27;[33mo.s.b.f.s.ConstructorResolver&amp#27;[0;39m: Autowiring by type from bean name 'postController' via constructor to bean named 'postService'
2025-02-01 00:37:29,390 &amp#27;[39mDEBUG&amp#27;[0;39m [&amp#27;[34mmain&amp#27;[0;39m] &amp#27;[33mo.s.b.f.s.DefaultSingletonBeanRegistry&amp#27;[0;39m: Creating shared instance of singleton bean 'globalExceptionHandler'
2025-02-01 00:37:29,391 &amp#27;[39mDEBUG&amp#27;[0;39m [&amp#27;[34mmain&amp#27;[0;39m] &amp#27;[33mo.s.b.f.s.DefaultSingletonBeanRegistry&amp#27;[0;39m: Creating shared instance of singleton bean 'customUserDetailsService'
2025-02-01 00:37:29,396 &amp#27;[39mDEBUG&amp#27;[0;39m [&amp#27;[34mmain&amp#27;[0;39m] &amp#27;[33mo.s.b.f.s.ConstructorResolver&amp#27;[0;39m: Autowiring by type from bean name 'customUserDetailsService' via constructor to bean named 'userRepository'
2025-02-01 00:37:29,396 &amp#27;[39mDEBUG&amp#27;[0;39m [&amp#27;[34mmain&amp#27;[0;39m] &amp#27;[33mo.s.b.f.s.DefaultSingletonBeanRegistry&amp#27;[0;39m: Creating shared instance of singleton bean 'jwtAuthenticationFilter'
2025-02-01 00:37:29,396 &amp#27;[39mDEBUG&amp#27;[0;39m [&amp#27;[34mmain&amp#27;[0;39m] &amp#27;[33mo.s.b.f.s.DefaultSingletonBeanRegistry&amp#27;[0;39m: Creating shared instance of singleton bean 'jwtTokenProvider'
2025-02-01 00:37:29,403 &amp#27;[39mDEBUG&amp#27;[0;39m [&amp#27;[34mmain&amp#27;[0;39m] &amp#27;[33mo.s.b.f.s.ConstructorResolver&amp#27;[0;39m: Autowiring by type from bean name 'jwtAuthenticationFilter' via constructor to bean named 'jwtTokenProvider'
2025-02-01 00:37:29,403 &amp#27;[39mDEBUG&amp#27;[0;39m [&amp#27;[34mmain&amp#27;[0;39m] &amp#27;[33mo.s.b.f.s.ConstructorResolver&amp#27;[0;39m: Autowiring by type from bean name 'jwtAuthenticationFilter' via constructor to bean named 'customUserDetailsService'
2025-02-01 00:37:29,406 &amp#27;[39mDEBUG&amp#27;[0;39m [&amp#27;[34mmain&amp#27;[0;39m] &amp#27;[33mo.s.b.f.s.DefaultSingletonBeanRegistry&amp#27;[0;39m: Creating shared instance of singleton bean 'jwtService'
2025-02-01 00:37:29,406 &amp#27;[39mDEBUG&amp#27;[0;39m [&amp#27;[34mmain&amp#27;[0;39m] &amp#27;[33mo.s.b.f.s.DefaultSingletonBeanRegistry&amp#27;[0;39m: Creating shared instance of singleton bean 'userService'
2025-02-01 00:37:29,408 &amp#27;[39mDEBUG&amp#27;[0;39m [&amp#27;[34mmain&amp#27;[0;39m] &amp#27;[33mo.s.b.f.s.ConstructorResolver&amp#27;[0;39m: Autowiring by type from bean name 'userService' via constructor to bean named 'userRepository'
2025-02-01 00:37:29,408 &amp#27;[39mDEBUG&amp#27;[0;39m [&amp#27;[34mmain&amp#27;[0;39m] &amp#27;[33mo.s.b.f.s.ConstructorResolver&amp#27;[0;39m: Autowiring by type from bean name 'userService' via constructor to bean named 'passwordEncoder'
2025-02-01 00:37:29,416 &amp#27;[39mDEBUG&amp#27;[0;39m [&amp#27;[34mmain&amp#27;[0;39m] &amp#27;[33mo.s.b.f.s.DefaultSingletonBeanRegistry&amp#27;[0;39m: Creating shared instance of singleton bean 'org.springframework.security.config.annotation.configuration.ObjectPostProcessorConfiguration'
2025-02-01 00:37:29,416 &amp#27;[39mDEBUG&amp#27;[0;39m [&amp#27;[34mmain&amp#27;[0;39m] &amp#27;[33mo.s.b.f.s.DefaultSingletonBeanRegistry&amp#27;[0;39m: Creating shared instance of singleton bean 'objectPostProcessor'
2025-02-01 00:37:29,418 &amp#27;[39mDEBUG&amp#27;[0;39m [&amp#27;[34mmain&amp#27;[0;39m] &amp#27;[33mo.s.b.f.s.ConstructorResolver&amp#27;[0;39m: Autowiring by type from bean name 'objectPostProcessor' via factory method to bean named 'org.springframework.beans.factory.support.DefaultListableBeanFactory@6e91893'
2025-02-01 00:37:29,418 &amp#27;[39mDEBUG&amp#27;[0;39m [&amp#27;[34mmain&amp#27;[0;39m] &amp#27;[33mo.s.b.f.s.DefaultSingletonBeanRegistry&amp#27;[0;39m: Creating shared instance of singleton bean 'org.springframework.security.config.annotation.authentication.configuration.AuthenticationConfiguration'
2025-02-01 00:37:29,423 &amp#27;[39mDEBUG&amp#27;[0;39m [&amp#27;[34mmain&amp#27;[0;39m] &amp#27;[33mo.s.b.f.s.DefaultSingletonBeanRegistry&amp#27;[0;39m: Creating shared instance of singleton bean 'enableGlobalAuthenticationAutowiredConfigurer'
2025-02-01 00:37:29,424 &amp#27;[39mDEBUG&amp#27;[0;39m [&amp#27;[34mmain&amp#27;[0;39m] &amp#27;[33mo.s.b.f.s.ConstructorResolver&amp#27;[0;39m: Autowiring by type from bean name 'enableGlobalAuthenticationAutowiredConfigurer' via factory method to bean named 'org.springframework.web.context.support.GenericWebApplicationContext@332f25c8'
2025-02-01 00:37:29,424 &amp#27;[39mDEBUG&amp#27;[0;39m [&amp#27;[34mmain&amp#27;[0;39m] &amp#27;[33mo.s.b.f.s.DefaultSingletonBeanRegistry&amp#27;[0;39m: Creating shared instance of singleton bean 'initializeUserDetailsBeanManagerConfigurer'
2025-02-01 00:37:29,424 &amp#27;[39mDEBUG&amp#27;[0;39m [&amp#27;[34mmain&amp#27;[0;39m] &amp#27;[33mo.s.b.f.s.ConstructorResolver&amp#27;[0;39m: Autowiring by type from bean name 'initializeUserDetailsBeanManagerConfigurer' via factory method to bean named 'org.springframework.web.context.support.GenericWebApplicationContext@332f25c8'
2025-02-01 00:37:29,424 &amp#27;[39mDEBUG&amp#27;[0;39m [&amp#27;[34mmain&amp#27;[0;39m] &amp#27;[33mo.s.b.f.s.DefaultSingletonBeanRegistry&amp#27;[0;39m: Creating shared instance of singleton bean 'initializeAuthenticationProviderBeanManagerConfigurer'
2025-02-01 00:37:29,424 &amp#27;[39mDEBUG&amp#27;[0;39m [&amp#27;[34mmain&amp#27;[0;39m] &amp#27;[33mo.s.b.f.s.ConstructorResolver&amp#27;[0;39m: Autowiring by type from bean name 'initializeAuthenticationProviderBeanManagerConfigurer' via factory method to bean named 'org.springframework.web.context.support.GenericWebApplicationContext@332f25c8'
2025-02-01 00:37:29,428 &amp#27;[39mDEBUG&amp#27;[0;39m [&amp#27;[34mmain&amp#27;[0;39m] &amp#27;[33mo.s.b.f.s.DefaultSingletonBeanRegistry&amp#27;[0;39m: Creating shared instance of singleton bean 'authenticationManagerBuilder'
2025-02-01 00:37:29,428 &amp#27;[39mDEBUG&amp#27;[0;39m [&amp#27;[34mmain&amp#27;[0;39m] &amp#27;[33mo.s.b.f.s.ConstructorResolver&amp#27;[0;39m: Autowiring by type from bean name 'authenticationManagerBuilder' via factory method to bean named 'objectPostProcessor'
2025-02-01 00:37:29,428 &amp#27;[39mDEBUG&amp#27;[0;39m [&amp#27;[34mmain&amp#27;[0;39m] &amp#27;[33mo.s.b.f.s.ConstructorResolver&amp#27;[0;39m: Autowiring by type from bean name 'authenticationManagerBuilder' via factory method to bean named 'org.springframework.web.context.support.GenericWebApplicationContext@332f25c8'
2025-02-01 00:37:29,428 &amp#27;[39mDEBUG&amp#27;[0;39m [&amp#27;[34mmain&amp#27;[0;39m] &amp#27;[33mo.s.b.f.s.DefaultSingletonBeanRegistry&amp#27;[0;39m: Creating shared instance of singleton bean 'authenticationEventPublisher'
2025-02-01 00:37:29,428 &amp#27;[39mDEBUG&amp#27;[0;39m [&amp#27;[34mmain&amp#27;[0;39m] &amp#27;[33mo.s.b.f.s.DefaultSingletonBeanRegistry&amp#27;[0;39m: Creating shared instance of singleton bean 'org.springframework.boot.autoconfigure.security.servlet.SecurityAutoConfiguration'
2025-02-01 00:37:29,428 &amp#27;[39mDEBUG&amp#27;[0;39m [&amp#27;[34mmain&amp#27;[0;39m] &amp#27;[33mo.s.b.f.s.ConstructorResolver&amp#27;[0;39m: Autowiring by type from bean name 'authenticationEventPublisher' via factory method to bean named 'org.springframework.web.context.support.GenericWebApplicationContext@332f25c8'
2025-02-01 00:37:29,444 &amp#27;[39mDEBUG&amp#27;[0;39m [&amp#27;[34mmain&amp#27;[0;39m] &amp#27;[33mo.s.b.f.s.DefaultSingletonBeanRegistry&amp#27;[0;39m: Creating shared instance of singleton bean 'org.springframework.security.config.annotation.web.configuration.WebSecurityConfiguration'
2025-02-01 00:37:29,453 &amp#27;[39mDEBUG&amp#27;[0;39m [&amp#27;[34mmain&amp#27;[0;39m] &amp#27;[33mo.s.b.f.s.DefaultSingletonBeanRegistry&amp#27;[0;39m: Creating shared instance of singleton bean 'org.springframework.security.config.annotation.web.configuration.HttpSecurityConfiguration'
2025-02-01 00:37:29,462 &amp#27;[39mDEBUG&amp#27;[0;39m [&amp#27;[34mmain&amp#27;[0;39m] &amp#27;[33mo.s.b.f.s.DefaultSingletonBeanRegistry&amp#27;[0;39m: Creating shared instance of singleton bean 'mvcContentNegotiationManager'
2025-02-01 00:37:29,464 &amp#27;[39mDEBUG&amp#27;[0;39m [&amp#27;[34mmain&amp#27;[0;39m] &amp#27;[33mo.s.b.f.s.DefaultSingletonBeanRegistry&amp#27;[0;39m: Creating shared instance of singleton bean 'org.springframework.boot.autoconfigure.web.servlet.WebMvcAutoConfiguration$EnableWebMvcConfiguration'
2025-02-01 00:37:29,466 &amp#27;[39mDEBUG&amp#27;[0;39m [&amp#27;[34mmain&amp#27;[0;39m] &amp#27;[33mo.s.b.f.s.DefaultSingletonBeanRegistry&amp#27;[0;39m: Creating shared instance of singleton bean 'spring.mvc-org.springframework.boot.autoconfigure.web.servlet.WebMvcProperties'
2025-02-01 00:37:29,474 &amp#27;[39mDEBUG&amp#27;[0;39m [&amp#27;[34mmain&amp#27;[0;39m] &amp#27;[33mo.s.b.f.s.DefaultSingletonBeanRegistry&amp#27;[0;39m: Creating shared instance of singleton bean 'spring.web-org.springframework.boot.autoconfigure.web.WebProperties'
2025-02-01 00:37:29,476 &amp#27;[39mDEBUG&amp#27;[0;39m [&amp#27;[34mmain&amp#27;[0;39m] &amp#27;[33mo.s.b.f.s.ConstructorResolver&amp#27;[0;39m: Autowiring by type from bean name 'org.springframework.boot.autoconfigure.web.servlet.WebMvcAutoConfiguration$EnableWebMvcConfiguration' via constructor to bean named 'spring.mvc-org.springframework.boot.autoconfigure.web.servlet.WebMvcProperties'
2025-02-01 00:37:29,476 &amp#27;[39mDEBUG&amp#27;[0;39m [&amp#27;[34mmain&amp#27;[0;39m] &amp#27;[33mo.s.b.f.s.ConstructorResolver&amp#27;[0;39m: Autowiring by type from bean name 'org.springframework.boot.autoconfigure.web.servlet.WebMvcAutoConfiguration$EnableWebMvcConfiguration' via constructor to bean named 'spring.web-org.springframework.boot.autoconfigure.web.WebProperties'
2025-02-01 00:37:29,476 &amp#27;[39mDEBUG&amp#27;[0;39m [&amp#27;[34mmain&amp#27;[0;39m] &amp#27;[33mo.s.b.f.s.ConstructorResolver&amp#27;[0;39m: Autowiring by type from bean name 'org.springframework.boot.autoconfigure.web.servlet.WebMvcAutoConfiguration$EnableWebMvcConfiguration' via constructor to bean named 'org.springframework.beans.factory.support.DefaultListableBeanFactory@6e91893'
2025-02-01 00:37:29,492 &amp#27;[39mDEBUG&amp#27;[0;39m [&amp#27;[34mmain&amp#27;[0;39m] &amp#27;[33mo.s.b.f.s.DefaultSingletonBeanRegistry&amp#27;[0;39m: Creating shared instance of singleton bean 'org.springframework.security.config.annotation.web.configuration.WebMvcSecurityConfiguration'
2025-02-01 00:37:29,492 &amp#27;[39mDEBUG&amp#27;[0;39m [&amp#27;[34mmain&amp#27;[0;39m] &amp#27;[33mo.s.b.f.s.DefaultSingletonBeanRegistry&amp#27;[0;39m: Creating shared instance of singleton bean 'org.springframework.boot.autoconfigure.web.servlet.WebMvcAutoConfiguration$WebMvcAutoConfigurationAdapter'
2025-02-01 00:37:29,492 &amp#27;[39mDEBUG&amp#27;[0;39m [&amp#27;[34mmain&amp#27;[0;39m] &amp#27;[33mo.s.b.f.s.ConstructorResolver&amp#27;[0;39m: Autowiring by type from bean name 'org.springframework.boot.autoconfigure.web.servlet.WebMvcAutoConfiguration$WebMvcAutoConfigurationAdapter' via constructor to bean named 'spring.web-org.springframework.boot.autoconfigure.web.WebProperties'
2025-02-01 00:37:29,492 &amp#27;[39mDEBUG&amp#27;[0;39m [&amp#27;[34mmain&amp#27;[0;39m] &amp#27;[33mo.s.b.f.s.ConstructorResolver&amp#27;[0;39m: Autowiring by type from bean name 'org.springframework.boot.autoconfigure.web.servlet.WebMvcAutoConfiguration$WebMvcAutoConfigurationAdapter' via constructor to bean named 'spring.mvc-org.springframework.boot.autoconfigure.web.servlet.WebMvcProperties'
2025-02-01 00:37:29,492 &amp#27;[39mDEBUG&amp#27;[0;39m [&amp#27;[34mmain&amp#27;[0;39m] &amp#27;[33mo.s.b.f.s.ConstructorResolver&amp#27;[0;39m: Autowiring by type from bean name 'org.springframework.boot.autoconfigure.web.servlet.WebMvcAutoConfiguration$WebMvcAutoConfigurationAdapter' via constructor to bean named 'org.springframework.beans.factory.support.DefaultListableBeanFactory@6e91893'
2025-02-01 00:37:29,501 &amp#27;[39mDEBUG&amp#27;[0;39m [&amp#27;[34mmain&amp#27;[0;39m] &amp#27;[33mo.s.b.f.s.DefaultSingletonBeanRegistry&amp#27;[0;39m: Creating shared instance of singleton bean 'openEntityManagerInViewInterceptorConfigurer'
2025-02-01 00:37:29,503 &amp#27;[39mDEBUG&amp#27;[0;39m [&amp#27;[34mmain&amp#27;[0;39m] &amp#27;[33mo.s.b.f.s.DefaultSingletonBeanRegistry&amp#27;[0;39m: Creating shared instance of singleton bean 'org.springframework.boot.autoconfigure.orm.jpa.JpaBaseConfiguration$JpaWebConfiguration'
2025-02-01 00:37:29,503 &amp#27;[39mDEBUG&amp#27;[0;39m [&amp#27;[34mmain&amp#27;[0;39m] &amp#27;[33mo.s.b.f.s.ConstructorResolver&amp#27;[0;39m: Autowiring by type from bean name 'org.springframework.boot.autoconfigure.orm.jpa.JpaBaseConfiguration$JpaWebConfiguration' via constructor to bean named 'spring.jpa-org.springframework.boot.autoconfigure.orm.jpa.JpaProperties'
2025-02-01 00:37:29,504 &amp#27;[39mDEBUG&amp#27;[0;39m [&amp#27;[34mmain&amp#27;[0;39m] &amp#27;[33mo.s.b.f.s.DefaultSingletonBeanRegistry&amp#27;[0;39m: Creating shared instance of singleton bean 'openEntityManagerInViewInterceptor'
2025-02-01 00:37:29,504 &amp#27;[31mWARN &amp#27;[0;39m [&amp#27;[34mmain&amp#27;[0;39m] &amp#27;[33mo.s.b.a.o.j.JpaBaseConfiguration$JpaWebConfiguration&amp#27;[0;39m: spring.jpa.open-in-view is enabled by default. Therefore, database queries may be performed during view rendering. Explicitly configure spring.jpa.open-in-view to disable this warning
2025-02-01 00:37:29,508 &amp#27;[39mDEBUG&amp#27;[0;39m [&amp#27;[34mmain&amp#27;[0;39m] &amp#27;[33mo.s.b.f.s.ConstructorResolver&amp#27;[0;39m: Autowiring by type from bean name 'openEntityManagerInViewInterceptorConfigurer' via factory method to bean named 'openEntityManagerInViewInterceptor'
2025-02-01 00:37:29,512 &amp#27;[39mDEBUG&amp#27;[0;39m [&amp#27;[34mmain&amp#27;[0;39m] &amp#27;[33mo.s.b.f.s.DefaultSingletonBeanRegistry&amp#27;[0;39m: Creating shared instance of singleton bean 'org.springframework.data.web.config.SpringDataWebConfiguration'
2025-02-01 00:37:29,512 &amp#27;[39mDEBUG&amp#27;[0;39m [&amp#27;[34mmain&amp#27;[0;39m] &amp#27;[33mo.s.b.f.s.ConstructorResolver&amp#27;[0;39m: Autowiring by type from bean name 'org.springframework.data.web.config.SpringDataWebConfiguration' via constructor to bean named 'org.springframework.web.context.support.GenericWebApplicationContext@332f25c8'
2025-02-01 00:37:29,639 &amp#27;[39mDEBUG&amp#27;[0;39m [&amp#27;[34mmain&amp#27;[0;39m] &amp#27;[33mo.s.b.f.s.DefaultSingletonBeanRegistry&amp#27;[0;39m: Creating shared instance of singleton bean 'mvcHandlerMappingIntrospectorRequestTransformer'
2025-02-01 00:37:29,639 &amp#27;[39mDEBUG&amp#27;[0;39m [&amp#27;[34mmain&amp#27;[0;39m] &amp#27;[33mo.s.b.f.s.DefaultSingletonBeanRegistry&amp#27;[0;39m: Creating shared instance of singleton bean 'mvcHandlerMappingIntrospector'
2025-02-01 00:37:29,641 &amp#27;[39mDEBUG&amp#27;[0;39m [&amp#27;[34mmain&amp#27;[0;39m] &amp#27;[33mo.s.b.f.s.DefaultSingletonBeanRegistry&amp#27;[0;39m: Creating shared instance of singleton bean 'welcomePageHandlerMapping'
2025-02-01 00:37:29,641 &amp#27;[39mDEBUG&amp#27;[0;39m [&amp#27;[34mmain&amp#27;[0;39m] &amp#27;[33mo.s.b.f.s.DefaultSingletonBeanRegistry&amp#27;[0;39m: Creating shared instance of singleton bean 'mvcConversionService'
2025-02-01 00:37:29,656 &amp#27;[39mDEBUG&amp#27;[0;39m [&amp#27;[34mmain&amp#27;[0;39m] &amp#27;[33mo.s.b.f.s.DefaultSingletonBeanRegistry&amp#27;[0;39m: Creating shared instance of singleton bean 'mvcResourceUrlProvider'
2025-02-01 00:37:29,661 &amp#27;[39mDEBUG&amp#27;[0;39m [&amp#27;[34mmain&amp#27;[0;39m] &amp#27;[33mo.s.b.f.s.ConstructorResolver&amp#27;[0;39m: Autowiring by type from bean name 'welcomePageHandlerMapping' via factory method to bean named 'org.springframework.web.context.support.GenericWebApplicationContext@332f25c8'
2025-02-01 00:37:29,661 &amp#27;[39mDEBUG&amp#27;[0;39m [&amp#27;[34mmain&amp#27;[0;39m] &amp#27;[33mo.s.b.f.s.ConstructorResolver&amp#27;[0;39m: Autowiring by type from bean name 'welcomePageHandlerMapping' via factory method to bean named 'mvcConversionService'
2025-02-01 00:37:29,662 &amp#27;[39mDEBUG&amp#27;[0;39m [&amp#27;[34mmain&amp#27;[0;39m] &amp#27;[33mo.s.b.f.s.ConstructorResolver&amp#27;[0;39m: Autowiring by type from bean name 'welcomePageHandlerMapping' via factory method to bean named 'mvcResourceUrlProvider'
2025-02-01 00:37:29,674 &amp#27;[39mDEBUG&amp#27;[0;39m [&amp#27;[34mmain&amp#27;[0;39m] &amp#27;[33mo.s.b.f.s.DefaultSingletonBeanRegistry&amp#27;[0;39m: Creating shared instance of singleton bean 'welcomePageNotAcceptableHandlerMapping'
2025-02-01 00:37:29,681 &amp#27;[39mDEBUG&amp#27;[0;39m [&amp#27;[34mmain&amp#27;[0;39m] &amp#27;[33mo.s.b.f.s.ConstructorResolver&amp#27;[0;39m: Autowiring by type from bean name 'welcomePageNotAcceptableHandlerMapping' via factory method to bean named 'org.springframework.web.context.support.GenericWebApplicationContext@332f25c8'
2025-02-01 00:37:29,681 &amp#27;[39mDEBUG&amp#27;[0;39m [&amp#27;[34mmain&amp#27;[0;39m] &amp#27;[33mo.s.b.f.s.ConstructorResolver&amp#27;[0;39m: Autowiring by type from bean name 'welcomePageNotAcceptableHandlerMapping' via factory method to bean named 'mvcConversionService'
2025-02-01 00:37:29,681 &amp#27;[39mDEBUG&amp#27;[0;39m [&amp#27;[34mmain&amp#27;[0;39m] &amp#27;[33mo.s.b.f.s.ConstructorResolver&amp#27;[0;39m: Autowiring by type from bean name 'welcomePageNotAcceptableHandlerMapping' via factory method to bean named 'mvcResourceUrlProvider'
2025-02-01 00:37:29,688 &amp#27;[39mDEBUG&amp#27;[0;39m [&amp#27;[34mmain&amp#27;[0;39m] &amp#27;[33mo.s.b.f.s.DefaultSingletonBeanRegistry&amp#27;[0;39m: Creating shared instance of singleton bean 'requestMappingHandlerMapping'
[...]
2025-02-01 00:37:31,464 &amp#27;[39mDEBUG&amp#27;[0;39m [&amp#27;[34mmain&amp#27;[0;39m] &amp#27;[33mo.s.c.l.LogFormatUtils&amp#27;[0;39m: POST "/auth/register", parameters={}
2025-02-01 00:37:31,465 &amp#27;[39mDEBUG&amp#27;[0;39m [&amp#27;[34mmain&amp#27;[0;39m] &amp#27;[33mo.s.w.s.h.AbstractHandlerMapping&amp#27;[0;39m: Mapped to com.example.secureblog.controller.AuthController#register(RegisterRequest)
2025-02-01 00:37:31,466 &amp#27;[39mDEBUG&amp#27;[0;39m [&amp#27;[34mmain&amp#27;[0;39m] &amp#27;[33mo.s.o.j.s.OpenEntityManagerInViewInterceptor&amp#27;[0;39m: Opening JPA EntityManager in OpenEntityManagerInViewInterceptor
2025-02-01 00:37:31,509 &amp#27;[39mDEBUG&amp#27;[0;39m [&amp#27;[34mmain&amp#27;[0;39m] &amp#27;[33mo.s.c.l.LogFormatUtils&amp#27;[0;39m: Read "application/json;charset=UTF-8" to [RegisterRequest(username=testuser, email=test@example.com, password=password123)]
2025-02-01 00:37:31,652 &amp#27;[39mDEBUG&amp#27;[0;39m [&amp#27;[34mmain&amp#27;[0;39m] &amp#27;[33mo.s.o.j.JpaTransactionManager&amp#27;[0;39m: Found thread-bound EntityManager [SessionImpl(1616515325<open>)] for JPA transaction
2025-02-01 00:37:31,652 &amp#27;[39mDEBUG&amp#27;[0;39m [&amp#27;[34mmain&amp#27;[0;39m] &amp#27;[33mo.s.t.s.AbstractPlatformTransactionManager&amp#27;[0;39m: Creating new transaction with name [org.springframework.data.jpa.repository.support.SimpleJpaRepository.save]: PROPAGATION_REQUIRED,ISOLATION_DEFAULT
2025-02-01 00:37:31,654 &amp#27;[39mDEBUG&amp#27;[0;39m [&amp#27;[34mmain&amp#27;[0;39m] &amp#27;[33mo.s.o.j.JpaTransactionManager&amp#27;[0;39m: Exposing JPA transaction as JDBC [org.springframework.orm.jpa.vendor.HibernateJpaDialect$HibernateConnectionHandle@16acf986]
2025-02-01 00:37:31,674 &amp#27;[39mDEBUG&amp#27;[0;39m [&amp#27;[34mmain&amp#27;[0;39m] &amp#27;[33mo.h.e.j.s.SqlStatementLogger&amp#27;[0;39m: 
    insert 
    into
        users
        (email, password, username, id) 
    values
        (?, ?, ?, default)
Hibernate: 
    insert 
    into
        users
        (email, password, username, id) 
    values
        (?, ?, ?, default)
2025-02-01 00:37:31,683 &amp#27;[39mDEBUG&amp#27;[0;39m [&amp#27;[34mmain&amp#27;[0;39m] &amp#27;[33mo.s.t.s.AbstractPlatformTransactionManager&amp#27;[0;39m: Initiating transaction commit
2025-02-01 00:37:31,683 &amp#27;[39mDEBUG&amp#27;[0;39m [&amp#27;[34mmain&amp#27;[0;39m] &amp#27;[33mo.s.o.j.JpaTransactionManager&amp#27;[0;39m: Committing JPA transaction on EntityManager [SessionImpl(1616515325<open>)]
2025-02-01 00:37:31,703 &amp#27;[39mDEBUG&amp#27;[0;39m [&amp#27;[34mmain&amp#27;[0;39m] &amp#27;[33mo.h.e.j.s.SqlStatementLogger&amp#27;[0;39m: 
    insert 
    into
        user_roles
        (user_id, roles) 
    values
        (?, ?)
Hibernate: 
    insert 
    into
        user_roles
        (user_id, roles) 
    values
        (?, ?)
2025-02-01 00:37:31,705 &amp#27;[39mDEBUG&amp#27;[0;39m [&amp#27;[34mmain&amp#27;[0;39m] &amp#27;[33mo.s.o.j.JpaTransactionManager&amp#27;[0;39m: Not closing pre-bound JPA EntityManager after transaction
2025-02-01 00:37:31,711 &amp#27;[39mDEBUG&amp#27;[0;39m [&amp#27;[34mmain&amp#27;[0;39m] &amp#27;[33mo.s.w.s.m.m.a.AbstractMessageConverterMethodProcessor&amp#27;[0;39m: Using 'application/json', given [*/*] and supported [application/json, application/*+json]
2025-02-01 00:37:31,711 &amp#27;[39mDEBUG&amp#27;[0;39m [&amp#27;[34mmain&amp#27;[0;39m] &amp#27;[33mo.s.c.l.LogFormatUtils&amp#27;[0;39m: Writing [{message=User registered successfully}]
2025-02-01 00:37:31,716 &amp#27;[39mDEBUG&amp#27;[0;39m [&amp#27;[34mmain&amp#27;[0;39m] &amp#27;[33mo.s.o.j.s.OpenEntityManagerInViewInterceptor&amp#27;[0;39m: Closing JPA EntityManager in OpenEntityManagerInViewInterceptor
2025-02-01 00:37:31,716 &amp#27;[39mDEBUG&amp#27;[0;39m [&amp#27;[34mmain&amp#27;[0;39m] &amp#27;[33mo.s.w.s.FrameworkServlet&amp#27;[0;39m: Completed 200 OK
2025-02-01 00:37:31,718 &amp#27;[39mDEBUG&amp#27;[0;39m [&amp#27;[34mmain&amp#27;[0;39m] &amp#27;[33mo.s.s.w.a.AnonymousAuthenticationFilter&amp#27;[0;39m: Set SecurityContextHolder to anonymous SecurityContext
2025-02-01 00:37:31,724 &amp#27;[39mDEBUG&amp#27;[0;39m [&amp#27;[34mmain&amp#27;[0;39m] &amp#27;[33mo.s.t.c.c.DefaultContextCache&amp#27;[0;39m: Spring test ApplicationContext cache statistics: [DefaultContextCache@57be0d93 size = 1, maxSize = 32, parentContextCount = 0, hitCount = 6, missCount = 1, failureCount = 0]
2025-02-01 00:37:31,725 &amp#27;[39mDEBUG&amp#27;[0;39m [&amp#27;[34mmain&amp#27;[0;39m] &amp#27;[33mo.s.t.c.c.DefaultContextCache&amp#27;[0;39m: Spring test ApplicationContext cache statistics: [DefaultContextCache@57be0d93 size = 1, maxSize = 32, parentContextCount = 0, hitCount = 7, missCount = 1, failureCount = 0]
2025-02-01 00:37:31,725 &amp#27;[39mDEBUG&amp#27;[0;39m [&amp#27;[34mmain&amp#27;[0;39m] &amp#27;[33mo.s.t.c.c.DefaultContextCache&amp#27;[0;39m: Spring test ApplicationContext cache statistics: [DefaultContextCache@57be0d93 size = 1, maxSize = 32, parentContextCount = 0, hitCount = 8, missCount = 1, failureCount = 0]
2025-02-01 00:37:31,725 &amp#27;[39mDEBUG&amp#27;[0;39m [&amp#27;[34mmain&amp#27;[0;39m] &amp#27;[33mo.s.t.c.c.DefaultContextCache&amp#27;[0;39m: Spring test ApplicationContext cache statistics: [DefaultContextCache@57be0d93 size = 1, maxSize = 32, parentContextCount = 0, hitCount = 9, missCount = 1, failureCount = 0]
2025-02-01 00:37:31,725 &amp#27;[39mDEBUG&amp#27;[0;39m [&amp#27;[34mmain&amp#27;[0;39m] &amp#27;[33mo.s.t.c.c.DefaultContextCache&amp#27;[0;39m: Spring test ApplicationContext cache statistics: [DefaultContextCache@57be0d93 size = 1, maxSize = 32, parentContextCount = 0, hitCount = 10, missCount = 1, failureCount = 0]
2025-02-01 00:37:31,725 &amp#27;[39mDEBUG&amp#27;[0;39m [&amp#27;[34mmain&amp#27;[0;39m] &amp#27;[33mo.s.t.c.c.DefaultContextCache&amp#27;[0;39m: Spring test ApplicationContext cache statistics: [DefaultContextCache@57be0d93 size = 1, maxSize = 32, parentContextCount = 0, hitCount = 11, missCount = 1, failureCount = 0]
2025-02-01 00:37:31,725 &amp#27;[39mDEBUG&amp#27;[0;39m [&amp#27;[34mmain&amp#27;[0;39m] &amp#27;[33mo.s.t.c.c.DefaultContextCache&amp#27;[0;39m: Spring test ApplicationContext cache statistics: [DefaultContextCache@57be0d93 size = 1, maxSize = 32, parentContextCount = 0, hitCount = 12, missCount = 1, failureCount = 0]
2025-02-01 00:37:31,725 &amp#27;[39mDEBUG&amp#27;[0;39m [&amp#27;[34mmain&amp#27;[0;39m] &amp#27;[33mo.s.t.c.s.AbstractDirtiesContextTestExecutionListener&amp#27;[0;39m: After test method: class [AuthControllerTest], method [whenRegisterWithValidData_thenReturns200], class annotated with @DirtiesContext [false] with mode [null], method annotated with @DirtiesContext [false] with mode [null]
2025-02-01 00:37:31,725 &amp#27;[39mDEBUG&amp#27;[0;39m [&amp#27;[34mmain&amp#27;[0;39m] &amp#27;[33mo.s.t.c.w.ServletTestExecutionListener&amp#27;[0;39m: Resetting RequestContextHolder for test class com.example.secureblog.controller.AuthControllerTest
]]></system-out>
  </testcase>
  <testcase name="whenLoginWithValidCredentials_thenReturns200" classname="com.example.secureblog.controller.AuthControllerTest" time="0.103">
    <system-out><![CDATA[2025-02-01 00:37:31,737 &amp#27;[39mDEBUG&amp#27;[0;39m [&amp#27;[34mmain&amp#27;[0;39m] &amp#27;[33mo.s.t.c.c.DefaultContextCache&amp#27;[0;39m: Spring test ApplicationContext cache statistics: [DefaultContextCache@57be0d93 size = 1, maxSize = 32, parentContextCount = 0, hitCount = 13, missCount = 1, failureCount = 0]
2025-02-01 00:37:31,737 &amp#27;[39mDEBUG&amp#27;[0;39m [&amp#27;[34mmain&amp#27;[0;39m] &amp#27;[33mo.s.t.c.w.ServletTestExecutionListener&amp#27;[0;39m: Setting up MockHttpServletRequest, MockHttpServletResponse, ServletWebRequest, and RequestContextHolder for test class com.example.secureblog.controller.AuthControllerTest
2025-02-01 00:37:31,737 &amp#27;[39mDEBUG&amp#27;[0;39m [&amp#27;[34mmain&amp#27;[0;39m] &amp#27;[33mo.s.t.c.s.DependencyInjectionTestExecutionListener&amp#27;[0;39m: Performing dependency injection for test class com.example.secureblog.controller.AuthControllerTest
2025-02-01 00:37:31,737 &amp#27;[39mDEBUG&amp#27;[0;39m [&amp#27;[34mmain&amp#27;[0;39m] &amp#27;[33mo.s.t.c.c.DefaultContextCache&amp#27;[0;39m: Spring test ApplicationContext cache statistics: [DefaultContextCache@57be0d93 size = 1, maxSize = 32, parentContextCount = 0, hitCount = 14, missCount = 1, failureCount = 0]
2025-02-01 00:37:31,738 &amp#27;[39mDEBUG&amp#27;[0;39m [&amp#27;[34mmain&amp#27;[0;39m] &amp#27;[33mo.s.t.c.c.DefaultContextCache&amp#27;[0;39m: Spring test ApplicationContext cache statistics: [DefaultContextCache@57be0d93 size = 1, maxSize = 32, parentContextCount = 0, hitCount = 15, missCount = 1, failureCount = 0]
2025-02-01 00:37:31,738 &amp#27;[39mDEBUG&amp#27;[0;39m [&amp#27;[34mmain&amp#27;[0;39m] &amp#27;[33mo.s.t.c.s.AbstractDirtiesContextTestExecutionListener&amp#27;[0;39m: Before test method: class [AuthControllerTest], method [whenLoginWithValidCredentials_thenReturns200], class annotated with @DirtiesContext [false] with mode [null], method annotated with @DirtiesContext [false] with mode [null]
2025-02-01 00:37:31,739 &amp#27;[39mDEBUG&amp#27;[0;39m [&amp#27;[34mmain&amp#27;[0;39m] &amp#27;[33mo.s.t.c.c.DefaultContextCache&amp#27;[0;39m: Spring test ApplicationContext cache statistics: [DefaultContextCache@57be0d93 size = 1, maxSize = 32, parentContextCount = 0, hitCount = 16, missCount = 1, failureCount = 0]
2025-02-01 00:37:31,739 &amp#27;[39mDEBUG&amp#27;[0;39m [&amp#27;[34mmain&amp#27;[0;39m] &amp#27;[33mo.s.t.c.c.DefaultContextCache&amp#27;[0;39m: Spring test ApplicationContext cache statistics: [DefaultContextCache@57be0d93 size = 1, maxSize = 32, parentContextCount = 0, hitCount = 17, missCount = 1, failureCount = 0]
2025-02-01 00:37:31,741 &amp#27;[39mDEBUG&amp#27;[0;39m [&amp#27;[34mmain&amp#27;[0;39m] &amp#27;[33mo.s.t.s.AbstractPlatformTransactionManager&amp#27;[0;39m: Creating new transaction with name [org.springframework.data.jpa.repository.support.SimpleJpaRepository.deleteAll]: PROPAGATION_REQUIRED,ISOLATION_DEFAULT
2025-02-01 00:37:31,741 &amp#27;[39mDEBUG&amp#27;[0;39m [&amp#27;[34mmain&amp#27;[0;39m] &amp#27;[33mo.s.o.j.JpaTransactionManager&amp#27;[0;39m: Opened new EntityManager [SessionImpl(448998817<open>)] for JPA transaction
2025-02-01 00:37:31,741 &amp#27;[39mDEBUG&amp#27;[0;39m [&amp#27;[34mmain&amp#27;[0;39m] &amp#27;[33mo.s.o.j.JpaTransactionManager&amp#27;[0;39m: Exposing JPA transaction as JDBC [org.springframework.orm.jpa.vendor.HibernateJpaDialect$HibernateConnectionHandle@3c2654e]
2025-02-01 00:37:31,741 &amp#27;[39mDEBUG&amp#27;[0;39m [&amp#27;[34mmain&amp#27;[0;39m] &amp#27;[33mo.h.e.j.s.SqlStatementLogger&amp#27;[0;39m: 
    select
        u1_0.id,
        u1_0.email,
        u1_0.password,
        u1_0.username 
    from
        users u1_0
Hibernate: 
    select
        u1_0.id,
        u1_0.email,
        u1_0.password,
        u1_0.username 
    from
        users u1_0
2025-02-01 00:37:31,755 &amp#27;[39mDEBUG&amp#27;[0;39m [&amp#27;[34mmain&amp#27;[0;39m] &amp#27;[33mo.h.e.j.s.SqlStatementLogger&amp#27;[0;39m: 
    select
        r1_0.user_id,
        r1_0.roles 
    from
        user_roles r1_0 
    where
        r1_0.user_id=?
Hibernate: 
    select
        r1_0.user_id,
        r1_0.roles 
    from
        user_roles r1_0 
    where
        r1_0.user_id=?
2025-02-01 00:37:31,765 &amp#27;[39mDEBUG&amp#27;[0;39m [&amp#27;[34mmain&amp#27;[0;39m] &amp#27;[33mo.s.t.s.AbstractPlatformTransactionManager&amp#27;[0;39m: Initiating transaction commit
2025-02-01 00:37:31,765 &amp#27;[39mDEBUG&amp#27;[0;39m [&amp#27;[34mmain&amp#27;[0;39m] &amp#27;[33mo.s.o.j.JpaTransactionManager&amp#27;[0;39m: Committing JPA transaction on EntityManager [SessionImpl(448998817<open>)]
2025-02-01 00:37:31,766 &amp#27;[39mDEBUG&amp#27;[0;39m [&amp#27;[34mmain&amp#27;[0;39m] &amp#27;[33mo.h.e.j.s.SqlStatementLogger&amp#27;[0;39m: 
    delete 
    from
        user_roles 
    where
        user_id=?
Hibernate: 
    delete 
    from
        user_roles 
    where
        user_id=?
2025-02-01 00:37:31,768 &amp#27;[39mDEBUG&amp#27;[0;39m [&amp#27;[34mmain&amp#27;[0;39m] &amp#27;[33mo.h.e.j.s.SqlStatementLogger&amp#27;[0;39m: 
    delete 
    from
        users 
    where
        id=?
Hibernate: 
    delete 
    from
        users 
    where
        id=?
2025-02-01 00:37:31,768 &amp#27;[39mDEBUG&amp#27;[0;39m [&amp#27;[34mmain&amp#27;[0;39m] &amp#27;[33mo.s.o.j.JpaTransactionManager&amp#27;[0;39m: Closing JPA EntityManager [SessionImpl(448998817<open>)] after transaction
2025-02-01 00:37:31,768 &amp#27;[39mDEBUG&amp#27;[0;39m [&amp#27;[34mmain&amp#27;[0;39m] &amp#27;[33mo.s.t.c.c.DefaultContextCache&amp#27;[0;39m: Spring test ApplicationContext cache statistics: [DefaultContextCache@57be0d93 size = 1, maxSize = 32, parentContextCount = 0, hitCount = 18, missCount = 1, failureCount = 0]
2025-02-01 00:37:31,825 &amp#27;[39mDEBUG&amp#27;[0;39m [&amp#27;[34mmain&amp#27;[0;39m] &amp#27;[33mo.s.t.s.AbstractPlatformTransactionManager&amp#27;[0;39m: Creating new transaction with name [org.springframework.data.jpa.repository.support.SimpleJpaRepository.save]: PROPAGATION_REQUIRED,ISOLATION_DEFAULT
2025-02-01 00:37:31,831 &amp#27;[39mDEBUG&amp#27;[0;39m [&amp#27;[34mmain&amp#27;[0;39m] &amp#27;[33mo.s.o.j.JpaTransactionManager&amp#27;[0;39m: Opened new EntityManager [SessionImpl(1024231668<open>)] for JPA transaction
2025-02-01 00:37:31,831 &amp#27;[39mDEBUG&amp#27;[0;39m [&amp#27;[34mmain&amp#27;[0;39m] &amp#27;[33mo.s.o.j.JpaTransactionManager&amp#27;[0;39m: Exposing JPA transaction as JDBC [org.springframework.orm.jpa.vendor.HibernateJpaDialect$HibernateConnectionHandle@5aad4194]
2025-02-01 00:37:31,831 &amp#27;[39mDEBUG&amp#27;[0;39m [&amp#27;[34mmain&amp#27;[0;39m] &amp#27;[33mo.h.e.j.s.SqlStatementLogger&amp#27;[0;39m: 
    insert 
    into
        users
        (email, password, username, id) 
    values
        (?, ?, ?, default)
Hibernate: 
    insert 
    into
        users
        (email, password, username, id) 
    values
        (?, ?, ?, default)
2025-02-01 00:37:31,831 &amp#27;[39mDEBUG&amp#27;[0;39m [&amp#27;[34mmain&amp#27;[0;39m] &amp#27;[33mo.s.t.s.AbstractPlatformTransactionManager&amp#27;[0;39m: Initiating transaction commit
2025-02-01 00:37:31,831 &amp#27;[39mDEBUG&amp#27;[0;39m [&amp#27;[34mmain&amp#27;[0;39m] &amp#27;[33mo.s.o.j.JpaTransactionManager&amp#27;[0;39m: Committing JPA transaction on EntityManager [SessionImpl(1024231668<open>)]
2025-02-01 00:37:31,831 &amp#27;[39mDEBUG&amp#27;[0;39m [&amp#27;[34mmain&amp#27;[0;39m] &amp#27;[33mo.s.o.j.JpaTransactionManager&amp#27;[0;39m: Closing JPA EntityManager [SessionImpl(1024231668<open>)] after transaction
2025-02-01 00:37:31,831 &amp#27;[39mDEBUG&amp#27;[0;39m [&amp#27;[34mmain&amp#27;[0;39m] &amp#27;[33mo.s.s.w.FilterChainProxy&amp#27;[0;39m: Securing POST /auth/login
2025-02-01 00:37:31,831 &amp#27;[39mDEBUG&amp#27;[0;39m [&amp#27;[34mmain&amp#27;[0;39m] &amp#27;[33mo.s.s.w.FilterChainProxy&amp#27;[0;39m: Secured POST /auth/login
2025-02-01 00:37:31,831 &amp#27;[39mDEBUG&amp#27;[0;39m [&amp#27;[34mmain&amp#27;[0;39m] &amp#27;[33mo.s.c.l.LogFormatUtils&amp#27;[0;39m: POST "/auth/login", parameters={}
2025-02-01 00:37:31,831 &amp#27;[39mDEBUG&amp#27;[0;39m [&amp#27;[34mmain&amp#27;[0;39m] &amp#27;[33mo.s.w.s.h.AbstractHandlerMapping&amp#27;[0;39m: Mapped to com.example.secureblog.controller.AuthController#login(LoginRequest)
2025-02-01 00:37:31,831 &amp#27;[39mDEBUG&amp#27;[0;39m [&amp#27;[34mmain&amp#27;[0;39m] &amp#27;[33mo.s.o.j.s.OpenEntityManagerInViewInterceptor&amp#27;[0;39m: Opening JPA EntityManager in OpenEntityManagerInViewInterceptor
2025-02-01 00:37:31,838 &amp#27;[39mDEBUG&amp#27;[0;39m [&amp#27;[34mmain&amp#27;[0;39m] &amp#27;[33mo.s.c.l.LogFormatUtils&amp#27;[0;39m: Read "application/json;charset=UTF-8" to [LoginRequest(username=testuser, password=password123)]
2025-02-01 00:37:31,840 &amp#27;[39mDEBUG&amp#27;[0;39m [&amp#27;[34mmain&amp#27;[0;39m] &amp#27;[33mo.s.w.s.m.m.a.AbstractMessageConverterMethodProcessor&amp#27;[0;39m: Using 'application/json', given [*/*] and supported [application/json, application/*+json]
2025-02-01 00:37:31,841 &amp#27;[39mDEBUG&amp#27;[0;39m [&amp#27;[34mmain&amp#27;[0;39m] &amp#27;[33mo.s.c.l.LogFormatUtils&amp#27;[0;39m: Writing [{message=Login successful}]
2025-02-01 00:37:31,841 &amp#27;[39mDEBUG&amp#27;[0;39m [&amp#27;[34mmain&amp#27;[0;39m] &amp#27;[33mo.s.o.j.s.OpenEntityManagerInViewInterceptor&amp#27;[0;39m: Closing JPA EntityManager in OpenEntityManagerInViewInterceptor
2025-02-01 00:37:31,841 &amp#27;[39mDEBUG&amp#27;[0;39m [&amp#27;[34mmain&amp#27;[0;39m] &amp#27;[33mo.s.w.s.FrameworkServlet&amp#27;[0;39m: Completed 200 OK
2025-02-01 00:37:31,841 &amp#27;[39mDEBUG&amp#27;[0;39m [&amp#27;[34mmain&amp#27;[0;39m] &amp#27;[33mo.s.s.w.a.AnonymousAuthenticationFilter&amp#27;[0;39m: Set SecurityContextHolder to anonymous SecurityContext
2025-02-01 00:37:31,841 &amp#27;[39mDEBUG&amp#27;[0;39m [&amp#27;[34mmain&amp#27;[0;39m] &amp#27;[33mo.s.t.c.c.DefaultContextCache&amp#27;[0;39m: Spring test ApplicationContext cache statistics: [DefaultContextCache@57be0d93 size = 1, maxSize = 32, parentContextCount = 0, hitCount = 19, missCount = 1, failureCount = 0]
2025-02-01 00:37:31,841 &amp#27;[39mDEBUG&amp#27;[0;39m [&amp#27;[34mmain&amp#27;[0;39m] &amp#27;[33mo.s.t.c.c.DefaultContextCache&amp#27;[0;39m: Spring test ApplicationContext cache statistics: [DefaultContextCache@57be0d93 size = 1, maxSize = 32, parentContextCount = 0, hitCount = 20, missCount = 1, failureCount = 0]
2025-02-01 00:37:31,841 &amp#27;[39mDEBUG&amp#27;[0;39m [&amp#27;[34mmain&amp#27;[0;39m] &amp#27;[33mo.s.t.c.c.DefaultContextCache&amp#27;[0;39m: Spring test ApplicationContext cache statistics: [DefaultContextCache@57be0d93 size = 1, maxSize = 32, parentContextCount = 0, hitCount = 21, missCount = 1, failureCount = 0]
2025-02-01 00:37:31,841 &amp#27;[39mDEBUG&amp#27;[0;39m [&amp#27;[34mmain&amp#27;[0;39m] &amp#27;[33mo.s.t.c.c.DefaultContextCache&amp#27;[0;39m: Spring test ApplicationContext cache statistics: [DefaultContextCache@57be0d93 size = 1, maxSize = 32, parentContextCount = 0, hitCount = 22, missCount = 1, failureCount = 0]
2025-02-01 00:37:31,841 &amp#27;[39mDEBUG&amp#27;[0;39m [&amp#27;[34mmain&amp#27;[0;39m] &amp#27;[33mo.s.t.c.c.DefaultContextCache&amp#27;[0;39m: Spring test ApplicationContext cache statistics: [DefaultContextCache@57be0d93 size = 1, maxSize = 32, parentContextCount = 0, hitCount = 23, missCount = 1, failureCount = 0]
2025-02-01 00:37:31,841 &amp#27;[39mDEBUG&amp#27;[0;39m [&amp#27;[34mmain&amp#27;[0;39m] &amp#27;[33mo.s.t.c.c.DefaultContextCache&amp#27;[0;39m: Spring test ApplicationContext cache statistics: [DefaultContextCache@57be0d93 size = 1, maxSize = 32, parentContextCount = 0, hitCount = 24, missCount = 1, failureCount = 0]
2025-02-01 00:37:31,841 &amp#27;[39mDEBUG&amp#27;[0;39m [&amp#27;[34mmain&amp#27;[0;39m] &amp#27;[33mo.s.t.c.c.DefaultContextCache&amp#27;[0;39m: Spring test ApplicationContext cache statistics: [DefaultContextCache@57be0d93 size = 1, maxSize = 32, parentContextCount = 0, hitCount = 25, missCount = 1, failureCount = 0]
2025-02-01 00:37:31,841 &amp#27;[39mDEBUG&amp#27;[0;39m [&amp#27;[34mmain&amp#27;[0;39m] &amp#27;[33mo.s.t.c.s.AbstractDirtiesContextTestExecutionListener&amp#27;[0;39m: After test method: class [AuthControllerTest], method [whenLoginWithValidCredentials_thenReturns200], class annotated with @DirtiesContext [false] with mode [null], method annotated with @DirtiesContext [false] with mode [null]
2025-02-01 00:37:31,841 &amp#27;[39mDEBUG&amp#27;[0;39m [&amp#27;[34mmain&amp#27;[0;39m] &amp#27;[33mo.s.t.c.w.ServletTestExecutionListener&amp#27;[0;39m: Resetting RequestContextHolder for test class com.example.secureblog.controller.AuthControllerTest
]]></system-out>
  </testcase>
</testsuite>